#
# There is insufficient memory for the Java Runtime Environment to continue.
# Native memory allocation (malloc) failed to allocate 1743824 bytes. Error detail: Chunk::new
# Possible reasons:
#   The system is out of physical RAM or swap space
#   This process is running with CompressedOops enabled, and the Java Heap may be blocking the growth of the native heap
# Possible solutions:
#   Reduce memory load on the system
#   Increase physical memory or swap space
#   Check if swap backing store is full
#   Decrease Java heap size (-Xmx/-Xms)
#   Decrease number of Java threads
#   Decrease Java thread stack sizes (-Xss)
#   Set larger code cache with -XX:ReservedCodeCacheSize=
#   JVM is running with Unscaled Compressed Oops mode in which the Java heap is
#     placed in the first 4GB address space. The Java Heap base address is the
#     maximum limit for the native heap growth. Please use -XX:HeapBaseMinAddress
#     to set the Java Heap base and to place the Java Heap above 4GB virtual address.
# This output file may be truncated or incomplete.
#
#  Out of Memory Error (arena.cpp:191), pid=28700, tid=5240
#
# JRE version: OpenJDK Runtime Environment Microsoft-10376486 (17.0.13+11) (build 17.0.13+11-LTS)
# Java VM: OpenJDK 64-Bit Server VM Microsoft-10376486 (17.0.13+11-LTS, mixed mode, sharing, tiered, compressed oops, compressed class ptrs, g1 gc, windows-amd64)
# No core dump will be written. Minidumps are not enabled by default on client versions of Windows
#

---------------  S U M M A R Y ------------

Command Line: --add-opens=java.base/java.lang=ALL-UNNAMED --add-opens=java.base/java.lang.invoke=ALL-UNNAMED --add-opens=java.base/java.util=ALL-UNNAMED --add-opens=java.prefs/java.util.prefs=ALL-UNNAMED --add-exports=jdk.compiler/com.sun.tools.javac.api=ALL-UNNAMED --add-exports=jdk.compiler/com.sun.tools.javac.util=ALL-UNNAMED --add-opens=java.base/java.util=ALL-UNNAMED --add-opens=java.prefs/java.util.prefs=ALL-UNNAMED --add-opens=java.base/java.nio.charset=ALL-UNNAMED --add-opens=java.base/java.net=ALL-UNNAMED --add-opens=java.base/java.util.concurrent.atomic=ALL-UNNAMED --add-opens=java.xml/javax.xml.namespace=ALL-UNNAMED -XX:MaxMetaspaceSize=384m -XX:+HeapDumpOnOutOfMemoryError -Xms256m -Xmx512m -Dfile.encoding=UTF-8 -Duser.country=US -Duser.language=en -Duser.variant -javaagent:C:\Users\DLCH\.gradle\wrapper\dists\gradle-8.12.1-bin\eumc4uhoysa37zql93vfjkxy0\gradle-8.12.1\lib\agents\gradle-instrumentation-agent-8.12.1.jar org.gradle.launcher.daemon.bootstrap.GradleDaemon 8.12.1

Host: AMD Ryzen 5 4600H with Radeon Graphics         , 12 cores, 15G,  Windows 11 , 64 bit Build 26100 (10.0.26100.3037)
Time: Thu Feb 20 16:30:15 2025 SE Asia Standard Time elapsed time: 512.350484 seconds (0d 0h 8m 32s)

---------------  T H R E A D  ---------------

Current thread (0x000002711d39be00):  JavaThread "C2 CompilerThread0" daemon [_thread_in_native, id=5240, stack(0x000000dcf7e00000,0x000000dcf7f00000)]


Current CompileTask:
C2: 512350 5069       4       org.objectweb.asm.Frame::execute (2303 bytes)

Stack: [0x000000dcf7e00000,0x000000dcf7f00000]
Native frames: (J=compiled Java code, j=interpreted, Vv=VM code, C=native code)
V  [jvm.dll+0x687fc9]
V  [jvm.dll+0x83eeb8]
V  [jvm.dll+0x840963]
V  [jvm.dll+0x840fd3]
V  [jvm.dll+0x24951f]
V  [jvm.dll+0xad0c4]
V  [jvm.dll+0xad75c]
V  [jvm.dll+0x36aafe]
V  [jvm.dll+0x335153]
V  [jvm.dll+0x3345ea]
V  [jvm.dll+0x21a748]
V  [jvm.dll+0x219b7f]
V  [jvm.dll+0x1a5506]
V  [jvm.dll+0x22a1ca]
V  [jvm.dll+0x22830b]
V  [jvm.dll+0x7f4708]
V  [jvm.dll+0x7eea6c]
V  [jvm.dll+0x686ea7]
C  [ucrtbase.dll+0x37b0]
C  [KERNEL32.DLL+0x2e8d7]
C  [ntdll.dll+0xbbf2c]


---------------  P R O C E S S  ---------------

Threads class SMR info:
_java_thread_list=0x000002713704ac40, length=37, elements={
0x0000027102398e30, 0x000002711d37f130, 0x000002711d380f10, 0x000002711d3946b0,
0x000002711d396f90, 0x000002711d399870, 0x000002711d39a140, 0x000002711d39be00,
0x000002711d408c30, 0x000002711d40c470, 0x000002711d363bb0, 0x000002711d535f80,
0x000002711dc59450, 0x00000271371cdcd0, 0x0000027137930840, 0x0000027137366500,
0x0000027137ef7c10, 0x000002711d507e20, 0x000002711d509770, 0x000002711d508330,
0x000002711d509c80, 0x000002711d50b5d0, 0x000002711d508840, 0x000002711d508d50,
0x000002711d509260, 0x000002711d50b0c0, 0x000002711d50a6a0, 0x0000027138ececa0,
0x0000027138ecd860, 0x0000027138ece280, 0x0000027138ece790, 0x0000027138ed00e0,
0x0000027138ecdd70, 0x0000027138ecf6c0, 0x0000027138ecce40, 0x0000027138ed0b00,
0x0000027138ecd350
}

Java Threads: ( => current thread )
  0x0000027102398e30 JavaThread "main" [_thread_blocked, id=24316, stack(0x000000dcf7100000,0x000000dcf7200000)]
  0x000002711d37f130 JavaThread "Reference Handler" daemon [_thread_blocked, id=26272, stack(0x000000dcf7800000,0x000000dcf7900000)]
  0x000002711d380f10 JavaThread "Finalizer" daemon [_thread_blocked, id=24556, stack(0x000000dcf7900000,0x000000dcf7a00000)]
  0x000002711d3946b0 JavaThread "Signal Dispatcher" daemon [_thread_blocked, id=14760, stack(0x000000dcf7a00000,0x000000dcf7b00000)]
  0x000002711d396f90 JavaThread "Attach Listener" daemon [_thread_blocked, id=8872, stack(0x000000dcf7b00000,0x000000dcf7c00000)]
  0x000002711d399870 JavaThread "Service Thread" daemon [_thread_blocked, id=25000, stack(0x000000dcf7c00000,0x000000dcf7d00000)]
  0x000002711d39a140 JavaThread "Monitor Deflation Thread" daemon [_thread_blocked, id=17696, stack(0x000000dcf7d00000,0x000000dcf7e00000)]
=>0x000002711d39be00 JavaThread "C2 CompilerThread0" daemon [_thread_in_native, id=5240, stack(0x000000dcf7e00000,0x000000dcf7f00000)]
  0x000002711d408c30 JavaThread "C1 CompilerThread0" daemon [_thread_blocked, id=3396, stack(0x000000dcf7f00000,0x000000dcf8000000)]
  0x000002711d40c470 JavaThread "Sweeper thread" daemon [_thread_blocked, id=17040, stack(0x000000dcf8000000,0x000000dcf8100000)]
  0x000002711d363bb0 JavaThread "Common-Cleaner" daemon [_thread_blocked, id=29260, stack(0x000000dcf8100000,0x000000dcf8200000)]
  0x000002711d535f80 JavaThread "Notification Thread" daemon [_thread_blocked, id=30616, stack(0x000000dcf8200000,0x000000dcf8300000)]
  0x000002711dc59450 JavaThread "Daemon health stats" [_thread_blocked, id=34260, stack(0x000000dcf6f00000,0x000000dcf7000000)]
  0x00000271371cdcd0 JavaThread "Incoming local TCP Connector on port 54111" [_thread_in_native, id=19612, stack(0x000000dcf8900000,0x000000dcf8a00000)]
  0x0000027137930840 JavaThread "Daemon periodic checks" [_thread_blocked, id=37308, stack(0x000000dcf6e00000,0x000000dcf6f00000)]
  0x0000027137366500 JavaThread "Daemon" [_thread_blocked, id=37400, stack(0x000000dcf8b00000,0x000000dcf8c00000)]
  0x0000027137ef7c10 JavaThread "Handler for socket connection from /127.0.0.1:54111 to /127.0.0.1:54112" [_thread_in_native, id=37420, stack(0x000000dcf8c00000,0x000000dcf8d00000)]
  0x000002711d507e20 JavaThread "Cancel handler" [_thread_blocked, id=37580, stack(0x000000dcf8d00000,0x000000dcf8e00000)]
  0x000002711d509770 JavaThread "Daemon worker" [_thread_in_Java, id=37216, stack(0x000000dcf8e00000,0x000000dcf8f00000)]
  0x000002711d508330 JavaThread "Asynchronous log dispatcher for DefaultDaemonConnection: socket connection from /127.0.0.1:54111 to /127.0.0.1:54112" [_thread_blocked, id=37780, stack(0x000000dcf8f00000,0x000000dcf9000000)]
  0x000002711d509c80 JavaThread "Stdin handler" [_thread_blocked, id=37636, stack(0x000000dcf9000000,0x000000dcf9100000)]
  0x000002711d50b5d0 JavaThread "Daemon client event forwarder" [_thread_blocked, id=35336, stack(0x000000dcf9100000,0x000000dcf9200000)]
  0x000002711d508840 JavaThread "Cache worker for journal cache (C:\Users\DLCH\.gradle\caches\journal-1)" [_thread_blocked, id=37300, stack(0x000000dcf9200000,0x000000dcf9300000)]
  0x000002711d508d50 JavaThread "File lock request listener" [_thread_in_native, id=37252, stack(0x000000dcf9300000,0x000000dcf9400000)]
  0x000002711d509260 JavaThread "Cache worker for file hash cache (C:\Users\DLCH\.gradle\caches\8.12.1\fileHashes)" [_thread_blocked, id=36772, stack(0x000000dcf9600000,0x000000dcf9700000)]
  0x000002711d50b0c0 JavaThread "Cache worker for file hash cache (D:\KTPM_CardioTrackPharmacy\CardioTrackBackend\AuthService\.gradle\8.12.1\fileHashes)" [_thread_blocked, id=38228, stack(0x000000dcf9800000,0x000000dcf9900000)]
  0x000002711d50a6a0 JavaThread "Cache worker for Build Output Cleanup Cache (D:\KTPM_CardioTrackPharmacy\CardioTrackBackend\AuthService\.gradle\buildOutputCleanup)" [_thread_blocked, id=38240, stack(0x000000dcf9900000,0x000000dcf9a00000)]
  0x0000027138ececa0 JavaThread "File watcher server" daemon [_thread_in_native, id=38388, stack(0x000000dcf9500000,0x000000dcf9600000)]
  0x0000027138ecd860 JavaThread "File watcher consumer" daemon [_thread_blocked, id=38412, stack(0x000000dcfa100000,0x000000dcfa200000)]
  0x0000027138ece280 JavaThread "jar transforms" [_thread_blocked, id=44412, stack(0x000000dcf9700000,0x000000dcf9800000)]
  0x0000027138ece790 JavaThread "jar transforms Thread 2" [_thread_blocked, id=7392, stack(0x000000dcfa000000,0x000000dcfa100000)]
  0x0000027138ed00e0 JavaThread "Cache worker for checksums cache (D:\KTPM_CardioTrackPharmacy\CardioTrackBackend\AuthService\.gradle\8.12.1\checksums)" [_thread_blocked, id=40336, stack(0x000000dcfa200000,0x000000dcfa300000)]
  0x0000027138ecdd70 JavaThread "Cache worker for file content cache (C:\Users\DLCH\.gradle\caches\8.12.1\fileContent)" [_thread_blocked, id=36868, stack(0x000000dcfa300000,0x000000dcfa400000)]
  0x0000027138ecf6c0 JavaThread "File lock release action executor Thread 3" [_thread_blocked, id=16336, stack(0x000000dcf7000000,0x000000dcf7100000)]
  0x0000027138ecce40 JavaThread "jar transforms Thread 3" [_thread_blocked, id=9704, stack(0x000000dcf8a00000,0x000000dcf8b00000)]
  0x0000027138ed0b00 JavaThread "Cache worker for cache directory md-rule (C:\Users\DLCH\.gradle\caches\8.12.1\md-rule)" [_thread_blocked, id=5348, stack(0x000000dcf9400000,0x000000dcf9500000)]
  0x0000027138ecd350 JavaThread "Cache worker for cache directory md-supplier (C:\Users\DLCH\.gradle\caches\8.12.1\md-supplier)" [_thread_blocked, id=43120, stack(0x000000dcfa400000,0x000000dcfa500000)]

Other Threads:
  0x000002711d37ae40 VMThread "VM Thread" [stack: 0x000000dcf7700000,0x000000dcf7800000] [id=27048]
  0x0000027102399ac0 WatcherThread [stack: 0x000000dcf8300000,0x000000dcf8400000] [id=30620]
  0x00000271023c9a10 GCTaskThread "GC Thread#0" [stack: 0x000000dcf7200000,0x000000dcf7300000] [id=29640]
  0x000002711dc91190 GCTaskThread "GC Thread#1" [stack: 0x000000dcf8400000,0x000000dcf8500000] [id=32020]
  0x000002711d9455e0 GCTaskThread "GC Thread#2" [stack: 0x000000dcf8500000,0x000000dcf8600000] [id=32024]
  0x000002711d9458a0 GCTaskThread "GC Thread#3" [stack: 0x000000dcf8600000,0x000000dcf8700000] [id=32028]
  0x000002711d945b60 GCTaskThread "GC Thread#4" [stack: 0x000000dcf8700000,0x000000dcf8800000] [id=32032]
  0x000002711d55e410 GCTaskThread "GC Thread#5" [stack: 0x000000dcf8800000,0x000000dcf8900000] [id=32036]
  0x0000027138954c80 GCTaskThread "GC Thread#6" [stack: 0x000000dcf9a00000,0x000000dcf9b00000] [id=38124]
  0x000002713a8e7950 GCTaskThread "GC Thread#7" [stack: 0x000000dcf9b00000,0x000000dcf9c00000] [id=34464]
  0x000002713acfe7d0 GCTaskThread "GC Thread#8" [stack: 0x000000dcf9c00000,0x000000dcf9d00000] [id=38292]
  0x000002713acfdcd0 GCTaskThread "GC Thread#9" [stack: 0x000000dcf9d00000,0x000000dcf9e00000] [id=38204]
  0x00000271023ce870 ConcurrentGCThread "G1 Main Marker" [stack: 0x000000dcf7300000,0x000000dcf7400000] [id=29132]
  0x00000271023d01b0 ConcurrentGCThread "G1 Conc#0" [stack: 0x000000dcf7400000,0x000000dcf7500000] [id=19652]
  0x000002713acff010 ConcurrentGCThread "G1 Conc#1" [stack: 0x000000dcf9e00000,0x000000dcf9f00000] [id=35308]
  0x000002713acff2d0 ConcurrentGCThread "G1 Conc#2" [stack: 0x000000dcf9f00000,0x000000dcfa000000] [id=38048]
  0x000002711d236570 ConcurrentGCThread "G1 Refine#0" [stack: 0x000000dcf7500000,0x000000dcf7600000] [id=28904]
  0x000002711d236c50 ConcurrentGCThread "G1 Service" [stack: 0x000000dcf7600000,0x000000dcf7700000] [id=29092]

Threads with active compile tasks:
C2 CompilerThread0   512382 5069       4       org.objectweb.asm.Frame::execute (2303 bytes)

VM state: not at safepoint (normal execution)

VM Mutex/Monitor currently owned by a thread: None

Heap address: 0x00000000e0000000, size: 512 MB, Compressed Oops mode: 32-bit

CDS archive(s) mapped at: [0x000002711e000000-0x000002711ebb0000-0x000002711ebb0000), size 12255232, SharedBaseAddress: 0x000002711e000000, ArchiveRelocationMode: 1.
Compressed class space mapped at: 0x000002711f000000-0x0000027133000000, reserved size: 335544320
Narrow klass base: 0x000002711e000000, Narrow klass shift: 0, Narrow klass range: 0x100000000

GC Precious Log:
 CPUs: 12 total, 12 available
 Memory: 15741M
 Large Page Support: Disabled
 NUMA Support: Disabled
 Compressed Oops: Enabled (32-bit)
 Heap Region Size: 1M
 Heap Min Capacity: 256M
 Heap Initial Capacity: 256M
 Heap Max Capacity: 512M
 Pre-touch: Disabled
 Parallel Workers: 10
 Concurrent Workers: 3
 Concurrent Refinement Workers: 10
 Periodic GC: Disabled

Heap:
 garbage-first heap   total 262144K, used 76631K [0x00000000e0000000, 0x0000000100000000)
  region size 1024K, 46 young (47104K), 2 survivors (2048K)
 Metaspace       used 38832K, committed 39360K, reserved 393216K
  class space    used 5424K, committed 5696K, reserved 327680K

Heap Regions: E=young(eden), S=young(survivor), O=old, HS=humongous(starts), HC=humongous(continues), CS=collection set, F=free, OA=open archive, CA=closed archive, TAMS=top-at-mark-start (previous, next)
|   0|0x00000000e0000000, 0x00000000e0100000, 0x00000000e0100000|100%| O|  |TAMS 0x00000000e0100000, 0x00000000e0000000| Untracked 
|   1|0x00000000e0100000, 0x00000000e0200000, 0x00000000e0200000|100%|HS|  |TAMS 0x00000000e0200000, 0x00000000e0100000| Complete 
|   2|0x00000000e0200000, 0x00000000e0300000, 0x00000000e0300000|100%|HC|  |TAMS 0x00000000e0300000, 0x00000000e0200000| Complete 
|   3|0x00000000e0300000, 0x00000000e0400000, 0x00000000e0400000|100%|HC|  |TAMS 0x00000000e0400000, 0x00000000e0300000| Complete 
|   4|0x00000000e0400000, 0x00000000e0500000, 0x00000000e0500000|100%| O|  |TAMS 0x00000000e0500000, 0x00000000e0400000| Untracked 
|   5|0x00000000e0500000, 0x00000000e0600000, 0x00000000e0600000|100%| O|  |TAMS 0x00000000e0600000, 0x00000000e0500000| Untracked 
|   6|0x00000000e0600000, 0x00000000e0700000, 0x00000000e0700000|100%| O|  |TAMS 0x00000000e0700000, 0x00000000e0600000| Untracked 
|   7|0x00000000e0700000, 0x00000000e0800000, 0x00000000e0800000|100%|HS|  |TAMS 0x00000000e0800000, 0x00000000e0700000| Complete 
|   8|0x00000000e0800000, 0x00000000e0900000, 0x00000000e0900000|100%| O|  |TAMS 0x00000000e0800000, 0x00000000e0800000| Untracked 
|   9|0x00000000e0900000, 0x00000000e0a00000, 0x00000000e0a00000|100%| O|  |TAMS 0x00000000e0a00000, 0x00000000e0900000| Untracked 
|  10|0x00000000e0a00000, 0x00000000e0b00000, 0x00000000e0b00000|100%| O|  |TAMS 0x00000000e0b00000, 0x00000000e0a00000| Untracked 
|  11|0x00000000e0b00000, 0x00000000e0c00000, 0x00000000e0c00000|100%| O|  |TAMS 0x00000000e0c00000, 0x00000000e0b00000| Untracked 
|  12|0x00000000e0c00000, 0x00000000e0d00000, 0x00000000e0d00000|100%| O|  |TAMS 0x00000000e0cf6800, 0x00000000e0c00000| Untracked 
|  13|0x00000000e0d00000, 0x00000000e0e00000, 0x00000000e0e00000|100%| O|  |TAMS 0x00000000e0d00000, 0x00000000e0d00000| Untracked 
|  14|0x00000000e0e00000, 0x00000000e0f00000, 0x00000000e0f00000|100%| O|  |TAMS 0x00000000e0e00000, 0x00000000e0e00000| Untracked 
|  15|0x00000000e0f00000, 0x00000000e1000000, 0x00000000e1000000|100%| O|  |TAMS 0x00000000e0f00000, 0x00000000e0f00000| Untracked 
|  16|0x00000000e1000000, 0x00000000e1100000, 0x00000000e1100000|100%| O|  |TAMS 0x00000000e1000000, 0x00000000e1000000| Untracked 
|  17|0x00000000e1100000, 0x00000000e1200000, 0x00000000e1200000|100%| O|  |TAMS 0x00000000e1100000, 0x00000000e1100000| Untracked 
|  18|0x00000000e1200000, 0x00000000e1300000, 0x00000000e1300000|100%| O|  |TAMS 0x00000000e1200000, 0x00000000e1200000| Untracked 
|  19|0x00000000e1300000, 0x00000000e1400000, 0x00000000e1400000|100%| O|  |TAMS 0x00000000e1300000, 0x00000000e1300000| Untracked 
|  20|0x00000000e1400000, 0x00000000e1500000, 0x00000000e1500000|100%| O|  |TAMS 0x00000000e1400000, 0x00000000e1400000| Untracked 
|  21|0x00000000e1500000, 0x00000000e1600000, 0x00000000e1600000|100%| O|  |TAMS 0x00000000e1500000, 0x00000000e1500000| Untracked 
|  22|0x00000000e1600000, 0x00000000e1700000, 0x00000000e1700000|100%| O|  |TAMS 0x00000000e1600000, 0x00000000e1600000| Untracked 
|  23|0x00000000e1700000, 0x00000000e1800000, 0x00000000e1800000|100%| O|  |TAMS 0x00000000e1700000, 0x00000000e1700000| Untracked 
|  24|0x00000000e1800000, 0x00000000e1900000, 0x00000000e1900000|100%| O|  |TAMS 0x00000000e1800000, 0x00000000e1800000| Untracked 
|  25|0x00000000e1900000, 0x00000000e1a00000, 0x00000000e1a00000|100%| O|  |TAMS 0x00000000e1900000, 0x00000000e1900000| Untracked 
|  26|0x00000000e1a00000, 0x00000000e1b00000, 0x00000000e1b00000|100%| O|  |TAMS 0x00000000e1a00000, 0x00000000e1a00000| Untracked 
|  27|0x00000000e1b00000, 0x00000000e1c00000, 0x00000000e1c00000|100%| O|  |TAMS 0x00000000e1b00000, 0x00000000e1b00000| Untracked 
|  28|0x00000000e1c00000, 0x00000000e1d00000, 0x00000000e1d00000|100%| O|  |TAMS 0x00000000e1c00000, 0x00000000e1c00000| Untracked 
|  29|0x00000000e1d00000, 0x00000000e1dd5e00, 0x00000000e1e00000| 83%| O|  |TAMS 0x00000000e1d00000, 0x00000000e1d00000| Untracked 
|  30|0x00000000e1e00000, 0x00000000e1e00000, 0x00000000e1f00000|  0%| F|  |TAMS 0x00000000e1e00000, 0x00000000e1e00000| Untracked 
|  31|0x00000000e1f00000, 0x00000000e1f00000, 0x00000000e2000000|  0%| F|  |TAMS 0x00000000e1f00000, 0x00000000e1f00000| Untracked 
|  32|0x00000000e2000000, 0x00000000e2000000, 0x00000000e2100000|  0%| F|  |TAMS 0x00000000e2000000, 0x00000000e2000000| Untracked 
|  33|0x00000000e2100000, 0x00000000e2100000, 0x00000000e2200000|  0%| F|  |TAMS 0x00000000e2100000, 0x00000000e2100000| Untracked 
|  34|0x00000000e2200000, 0x00000000e2200000, 0x00000000e2300000|  0%| F|  |TAMS 0x00000000e2200000, 0x00000000e2200000| Untracked 
|  35|0x00000000e2300000, 0x00000000e2300000, 0x00000000e2400000|  0%| F|  |TAMS 0x00000000e2300000, 0x00000000e2300000| Untracked 
|  36|0x00000000e2400000, 0x00000000e2400000, 0x00000000e2500000|  0%| F|  |TAMS 0x00000000e2400000, 0x00000000e2400000| Untracked 
|  37|0x00000000e2500000, 0x00000000e2500000, 0x00000000e2600000|  0%| F|  |TAMS 0x00000000e2500000, 0x00000000e2500000| Untracked 
|  38|0x00000000e2600000, 0x00000000e2600000, 0x00000000e2700000|  0%| F|  |TAMS 0x00000000e2600000, 0x00000000e2600000| Untracked 
|  39|0x00000000e2700000, 0x00000000e2700000, 0x00000000e2800000|  0%| F|  |TAMS 0x00000000e2700000, 0x00000000e2700000| Untracked 
|  40|0x00000000e2800000, 0x00000000e2800000, 0x00000000e2900000|  0%| F|  |TAMS 0x00000000e2800000, 0x00000000e2800000| Untracked 
|  41|0x00000000e2900000, 0x00000000e2900000, 0x00000000e2a00000|  0%| F|  |TAMS 0x00000000e2900000, 0x00000000e2900000| Untracked 
|  42|0x00000000e2a00000, 0x00000000e2a00000, 0x00000000e2b00000|  0%| F|  |TAMS 0x00000000e2a00000, 0x00000000e2a00000| Untracked 
|  43|0x00000000e2b00000, 0x00000000e2b00000, 0x00000000e2c00000|  0%| F|  |TAMS 0x00000000e2b00000, 0x00000000e2b00000| Untracked 
|  44|0x00000000e2c00000, 0x00000000e2c00000, 0x00000000e2d00000|  0%| F|  |TAMS 0x00000000e2c00000, 0x00000000e2c00000| Untracked 
|  45|0x00000000e2d00000, 0x00000000e2d00000, 0x00000000e2e00000|  0%| F|  |TAMS 0x00000000e2d00000, 0x00000000e2d00000| Untracked 
|  46|0x00000000e2e00000, 0x00000000e2e00000, 0x00000000e2f00000|  0%| F|  |TAMS 0x00000000e2e00000, 0x00000000e2e00000| Untracked 
|  47|0x00000000e2f00000, 0x00000000e2f00000, 0x00000000e3000000|  0%| F|  |TAMS 0x00000000e2f00000, 0x00000000e2f00000| Untracked 
|  48|0x00000000e3000000, 0x00000000e3000000, 0x00000000e3100000|  0%| F|  |TAMS 0x00000000e3000000, 0x00000000e3000000| Untracked 
|  49|0x00000000e3100000, 0x00000000e3100000, 0x00000000e3200000|  0%| F|  |TAMS 0x00000000e3100000, 0x00000000e3100000| Untracked 
|  50|0x00000000e3200000, 0x00000000e3200000, 0x00000000e3300000|  0%| F|  |TAMS 0x00000000e3200000, 0x00000000e3200000| Untracked 
|  51|0x00000000e3300000, 0x00000000e3300000, 0x00000000e3400000|  0%| F|  |TAMS 0x00000000e3300000, 0x00000000e3300000| Untracked 
|  52|0x00000000e3400000, 0x00000000e3400000, 0x00000000e3500000|  0%| F|  |TAMS 0x00000000e3400000, 0x00000000e3400000| Untracked 
|  53|0x00000000e3500000, 0x00000000e3500000, 0x00000000e3600000|  0%| F|  |TAMS 0x00000000e3500000, 0x00000000e3500000| Untracked 
|  54|0x00000000e3600000, 0x00000000e3600000, 0x00000000e3700000|  0%| F|  |TAMS 0x00000000e3600000, 0x00000000e3600000| Untracked 
|  55|0x00000000e3700000, 0x00000000e3700000, 0x00000000e3800000|  0%| F|  |TAMS 0x00000000e3700000, 0x00000000e3700000| Untracked 
|  56|0x00000000e3800000, 0x00000000e3800000, 0x00000000e3900000|  0%| F|  |TAMS 0x00000000e3800000, 0x00000000e3800000| Untracked 
|  57|0x00000000e3900000, 0x00000000e3900000, 0x00000000e3a00000|  0%| F|  |TAMS 0x00000000e3900000, 0x00000000e3900000| Untracked 
|  58|0x00000000e3a00000, 0x00000000e3a00000, 0x00000000e3b00000|  0%| F|  |TAMS 0x00000000e3a00000, 0x00000000e3a00000| Untracked 
|  59|0x00000000e3b00000, 0x00000000e3b00000, 0x00000000e3c00000|  0%| F|  |TAMS 0x00000000e3b00000, 0x00000000e3b00000| Untracked 
|  60|0x00000000e3c00000, 0x00000000e3c00000, 0x00000000e3d00000|  0%| F|  |TAMS 0x00000000e3c00000, 0x00000000e3c00000| Untracked 
|  61|0x00000000e3d00000, 0x00000000e3d00000, 0x00000000e3e00000|  0%| F|  |TAMS 0x00000000e3d00000, 0x00000000e3d00000| Untracked 
|  62|0x00000000e3e00000, 0x00000000e3e00000, 0x00000000e3f00000|  0%| F|  |TAMS 0x00000000e3e00000, 0x00000000e3e00000| Untracked 
|  63|0x00000000e3f00000, 0x00000000e3f00000, 0x00000000e4000000|  0%| F|  |TAMS 0x00000000e3f00000, 0x00000000e3f00000| Untracked 
|  64|0x00000000e4000000, 0x00000000e4000000, 0x00000000e4100000|  0%| F|  |TAMS 0x00000000e4000000, 0x00000000e4000000| Untracked 
|  65|0x00000000e4100000, 0x00000000e4100000, 0x00000000e4200000|  0%| F|  |TAMS 0x00000000e4100000, 0x00000000e4100000| Untracked 
|  66|0x00000000e4200000, 0x00000000e4200000, 0x00000000e4300000|  0%| F|  |TAMS 0x00000000e4200000, 0x00000000e4200000| Untracked 
|  67|0x00000000e4300000, 0x00000000e4300000, 0x00000000e4400000|  0%| F|  |TAMS 0x00000000e4300000, 0x00000000e4300000| Untracked 
|  68|0x00000000e4400000, 0x00000000e4400000, 0x00000000e4500000|  0%| F|  |TAMS 0x00000000e4400000, 0x00000000e4400000| Untracked 
|  69|0x00000000e4500000, 0x00000000e4500000, 0x00000000e4600000|  0%| F|  |TAMS 0x00000000e4500000, 0x00000000e4500000| Untracked 
|  70|0x00000000e4600000, 0x00000000e4600000, 0x00000000e4700000|  0%| F|  |TAMS 0x00000000e4600000, 0x00000000e4600000| Untracked 
|  71|0x00000000e4700000, 0x00000000e4700000, 0x00000000e4800000|  0%| F|  |TAMS 0x00000000e4700000, 0x00000000e4700000| Untracked 
|  72|0x00000000e4800000, 0x00000000e4800000, 0x00000000e4900000|  0%| F|  |TAMS 0x00000000e4800000, 0x00000000e4800000| Untracked 
|  73|0x00000000e4900000, 0x00000000e4900000, 0x00000000e4a00000|  0%| F|  |TAMS 0x00000000e4900000, 0x00000000e4900000| Untracked 
|  74|0x00000000e4a00000, 0x00000000e4a00000, 0x00000000e4b00000|  0%| F|  |TAMS 0x00000000e4a00000, 0x00000000e4a00000| Untracked 
|  75|0x00000000e4b00000, 0x00000000e4b00000, 0x00000000e4c00000|  0%| F|  |TAMS 0x00000000e4b00000, 0x00000000e4b00000| Untracked 
|  76|0x00000000e4c00000, 0x00000000e4c00000, 0x00000000e4d00000|  0%| F|  |TAMS 0x00000000e4c00000, 0x00000000e4c00000| Untracked 
|  77|0x00000000e4d00000, 0x00000000e4d00000, 0x00000000e4e00000|  0%| F|  |TAMS 0x00000000e4d00000, 0x00000000e4d00000| Untracked 
|  78|0x00000000e4e00000, 0x00000000e4e00000, 0x00000000e4f00000|  0%| F|  |TAMS 0x00000000e4e00000, 0x00000000e4e00000| Untracked 
|  79|0x00000000e4f00000, 0x00000000e4f00000, 0x00000000e5000000|  0%| F|  |TAMS 0x00000000e4f00000, 0x00000000e4f00000| Untracked 
|  80|0x00000000e5000000, 0x00000000e5000000, 0x00000000e5100000|  0%| F|  |TAMS 0x00000000e5000000, 0x00000000e5000000| Untracked 
|  81|0x00000000e5100000, 0x00000000e5100000, 0x00000000e5200000|  0%| F|  |TAMS 0x00000000e5100000, 0x00000000e5100000| Untracked 
|  82|0x00000000e5200000, 0x00000000e5200000, 0x00000000e5300000|  0%| F|  |TAMS 0x00000000e5200000, 0x00000000e5200000| Untracked 
|  83|0x00000000e5300000, 0x00000000e5300000, 0x00000000e5400000|  0%| F|  |TAMS 0x00000000e5300000, 0x00000000e5300000| Untracked 
|  84|0x00000000e5400000, 0x00000000e5400000, 0x00000000e5500000|  0%| F|  |TAMS 0x00000000e5400000, 0x00000000e5400000| Untracked 
|  85|0x00000000e5500000, 0x00000000e5500000, 0x00000000e5600000|  0%| F|  |TAMS 0x00000000e5500000, 0x00000000e5500000| Untracked 
|  86|0x00000000e5600000, 0x00000000e5600000, 0x00000000e5700000|  0%| F|  |TAMS 0x00000000e5600000, 0x00000000e5600000| Untracked 
|  87|0x00000000e5700000, 0x00000000e5700000, 0x00000000e5800000|  0%| F|  |TAMS 0x00000000e5700000, 0x00000000e5700000| Untracked 
|  88|0x00000000e5800000, 0x00000000e5800000, 0x00000000e5900000|  0%| F|  |TAMS 0x00000000e5800000, 0x00000000e5800000| Untracked 
|  89|0x00000000e5900000, 0x00000000e5900000, 0x00000000e5a00000|  0%| F|  |TAMS 0x00000000e5900000, 0x00000000e5900000| Untracked 
|  90|0x00000000e5a00000, 0x00000000e5a00000, 0x00000000e5b00000|  0%| F|  |TAMS 0x00000000e5a00000, 0x00000000e5a00000| Untracked 
|  91|0x00000000e5b00000, 0x00000000e5b00000, 0x00000000e5c00000|  0%| F|  |TAMS 0x00000000e5b00000, 0x00000000e5b00000| Untracked 
|  92|0x00000000e5c00000, 0x00000000e5c00000, 0x00000000e5d00000|  0%| F|  |TAMS 0x00000000e5c00000, 0x00000000e5c00000| Untracked 
|  93|0x00000000e5d00000, 0x00000000e5d00000, 0x00000000e5e00000|  0%| F|  |TAMS 0x00000000e5d00000, 0x00000000e5d00000| Untracked 
|  94|0x00000000e5e00000, 0x00000000e5e00000, 0x00000000e5f00000|  0%| F|  |TAMS 0x00000000e5e00000, 0x00000000e5e00000| Untracked 
|  95|0x00000000e5f00000, 0x00000000e5f00000, 0x00000000e6000000|  0%| F|  |TAMS 0x00000000e5f00000, 0x00000000e5f00000| Untracked 
|  96|0x00000000e6000000, 0x00000000e6000000, 0x00000000e6100000|  0%| F|  |TAMS 0x00000000e6000000, 0x00000000e6000000| Untracked 
|  97|0x00000000e6100000, 0x00000000e6100000, 0x00000000e6200000|  0%| F|  |TAMS 0x00000000e6100000, 0x00000000e6100000| Untracked 
|  98|0x00000000e6200000, 0x00000000e6200000, 0x00000000e6300000|  0%| F|  |TAMS 0x00000000e6200000, 0x00000000e6200000| Untracked 
|  99|0x00000000e6300000, 0x00000000e6300000, 0x00000000e6400000|  0%| F|  |TAMS 0x00000000e6300000, 0x00000000e6300000| Untracked 
| 100|0x00000000e6400000, 0x00000000e6400000, 0x00000000e6500000|  0%| F|  |TAMS 0x00000000e6400000, 0x00000000e6400000| Untracked 
| 101|0x00000000e6500000, 0x00000000e6500000, 0x00000000e6600000|  0%| F|  |TAMS 0x00000000e6500000, 0x00000000e6500000| Untracked 
| 102|0x00000000e6600000, 0x00000000e6600000, 0x00000000e6700000|  0%| F|  |TAMS 0x00000000e6600000, 0x00000000e6600000| Untracked 
| 103|0x00000000e6700000, 0x00000000e6700000, 0x00000000e6800000|  0%| F|  |TAMS 0x00000000e6700000, 0x00000000e6700000| Untracked 
| 104|0x00000000e6800000, 0x00000000e6800000, 0x00000000e6900000|  0%| F|  |TAMS 0x00000000e6800000, 0x00000000e6800000| Untracked 
| 105|0x00000000e6900000, 0x00000000e6900000, 0x00000000e6a00000|  0%| F|  |TAMS 0x00000000e6900000, 0x00000000e6900000| Untracked 
| 106|0x00000000e6a00000, 0x00000000e6a00000, 0x00000000e6b00000|  0%| F|  |TAMS 0x00000000e6a00000, 0x00000000e6a00000| Untracked 
| 107|0x00000000e6b00000, 0x00000000e6b00000, 0x00000000e6c00000|  0%| F|  |TAMS 0x00000000e6b00000, 0x00000000e6b00000| Untracked 
| 108|0x00000000e6c00000, 0x00000000e6c00000, 0x00000000e6d00000|  0%| F|  |TAMS 0x00000000e6c00000, 0x00000000e6c00000| Untracked 
| 109|0x00000000e6d00000, 0x00000000e6d00000, 0x00000000e6e00000|  0%| F|  |TAMS 0x00000000e6d00000, 0x00000000e6d00000| Untracked 
| 110|0x00000000e6e00000, 0x00000000e6e00000, 0x00000000e6f00000|  0%| F|  |TAMS 0x00000000e6e00000, 0x00000000e6e00000| Untracked 
| 111|0x00000000e6f00000, 0x00000000e6f00000, 0x00000000e7000000|  0%| F|  |TAMS 0x00000000e6f00000, 0x00000000e6f00000| Untracked 
| 112|0x00000000e7000000, 0x00000000e7000000, 0x00000000e7100000|  0%| F|  |TAMS 0x00000000e7000000, 0x00000000e7000000| Untracked 
| 113|0x00000000e7100000, 0x00000000e7100000, 0x00000000e7200000|  0%| F|  |TAMS 0x00000000e7100000, 0x00000000e7100000| Untracked 
| 114|0x00000000e7200000, 0x00000000e7200000, 0x00000000e7300000|  0%| F|  |TAMS 0x00000000e7200000, 0x00000000e7200000| Untracked 
| 115|0x00000000e7300000, 0x00000000e7300000, 0x00000000e7400000|  0%| F|  |TAMS 0x00000000e7300000, 0x00000000e7300000| Untracked 
| 116|0x00000000e7400000, 0x00000000e7400000, 0x00000000e7500000|  0%| F|  |TAMS 0x00000000e7400000, 0x00000000e7400000| Untracked 
| 117|0x00000000e7500000, 0x00000000e7500000, 0x00000000e7600000|  0%| F|  |TAMS 0x00000000e7500000, 0x00000000e7500000| Untracked 
| 118|0x00000000e7600000, 0x00000000e7600000, 0x00000000e7700000|  0%| F|  |TAMS 0x00000000e7600000, 0x00000000e7600000| Untracked 
| 119|0x00000000e7700000, 0x00000000e7700000, 0x00000000e7800000|  0%| F|  |TAMS 0x00000000e7700000, 0x00000000e7700000| Untracked 
| 120|0x00000000e7800000, 0x00000000e7800000, 0x00000000e7900000|  0%| F|  |TAMS 0x00000000e7800000, 0x00000000e7800000| Untracked 
| 121|0x00000000e7900000, 0x00000000e7900000, 0x00000000e7a00000|  0%| F|  |TAMS 0x00000000e7900000, 0x00000000e7900000| Untracked 
| 122|0x00000000e7a00000, 0x00000000e7a00000, 0x00000000e7b00000|  0%| F|  |TAMS 0x00000000e7a00000, 0x00000000e7a00000| Untracked 
| 123|0x00000000e7b00000, 0x00000000e7b00000, 0x00000000e7c00000|  0%| F|  |TAMS 0x00000000e7b00000, 0x00000000e7b00000| Untracked 
| 124|0x00000000e7c00000, 0x00000000e7c00000, 0x00000000e7d00000|  0%| F|  |TAMS 0x00000000e7c00000, 0x00000000e7c00000| Untracked 
| 125|0x00000000e7d00000, 0x00000000e7d00000, 0x00000000e7e00000|  0%| F|  |TAMS 0x00000000e7d00000, 0x00000000e7d00000| Untracked 
| 126|0x00000000e7e00000, 0x00000000e7e00000, 0x00000000e7f00000|  0%| F|  |TAMS 0x00000000e7e00000, 0x00000000e7e00000| Untracked 
| 127|0x00000000e7f00000, 0x00000000e7f00000, 0x00000000e8000000|  0%| F|  |TAMS 0x00000000e7f00000, 0x00000000e7f00000| Untracked 
| 128|0x00000000e8000000, 0x00000000e8000000, 0x00000000e8100000|  0%| F|  |TAMS 0x00000000e8000000, 0x00000000e8000000| Untracked 
| 129|0x00000000e8100000, 0x00000000e8100000, 0x00000000e8200000|  0%| F|  |TAMS 0x00000000e8100000, 0x00000000e8100000| Untracked 
| 130|0x00000000e8200000, 0x00000000e8200000, 0x00000000e8300000|  0%| F|  |TAMS 0x00000000e8200000, 0x00000000e8200000| Untracked 
| 131|0x00000000e8300000, 0x00000000e8300000, 0x00000000e8400000|  0%| F|  |TAMS 0x00000000e8300000, 0x00000000e8300000| Untracked 
| 132|0x00000000e8400000, 0x00000000e8400000, 0x00000000e8500000|  0%| F|  |TAMS 0x00000000e8400000, 0x00000000e8400000| Untracked 
| 133|0x00000000e8500000, 0x00000000e8500000, 0x00000000e8600000|  0%| F|  |TAMS 0x00000000e8500000, 0x00000000e8500000| Untracked 
| 134|0x00000000e8600000, 0x00000000e8600000, 0x00000000e8700000|  0%| F|  |TAMS 0x00000000e8600000, 0x00000000e8600000| Untracked 
| 135|0x00000000e8700000, 0x00000000e8700000, 0x00000000e8800000|  0%| F|  |TAMS 0x00000000e8700000, 0x00000000e8700000| Untracked 
| 136|0x00000000e8800000, 0x00000000e8800000, 0x00000000e8900000|  0%| F|  |TAMS 0x00000000e8800000, 0x00000000e8800000| Untracked 
| 137|0x00000000e8900000, 0x00000000e8900000, 0x00000000e8a00000|  0%| F|  |TAMS 0x00000000e8900000, 0x00000000e8900000| Untracked 
| 138|0x00000000e8a00000, 0x00000000e8a00000, 0x00000000e8b00000|  0%| F|  |TAMS 0x00000000e8a00000, 0x00000000e8a00000| Untracked 
| 139|0x00000000e8b00000, 0x00000000e8b00000, 0x00000000e8c00000|  0%| F|  |TAMS 0x00000000e8b00000, 0x00000000e8b00000| Untracked 
| 140|0x00000000e8c00000, 0x00000000e8c00000, 0x00000000e8d00000|  0%| F|  |TAMS 0x00000000e8c00000, 0x00000000e8c00000| Untracked 
| 141|0x00000000e8d00000, 0x00000000e8d00000, 0x00000000e8e00000|  0%| F|  |TAMS 0x00000000e8d00000, 0x00000000e8d00000| Untracked 
| 142|0x00000000e8e00000, 0x00000000e8e00000, 0x00000000e8f00000|  0%| F|  |TAMS 0x00000000e8e00000, 0x00000000e8e00000| Untracked 
| 143|0x00000000e8f00000, 0x00000000e8f00000, 0x00000000e9000000|  0%| F|  |TAMS 0x00000000e8f00000, 0x00000000e8f00000| Untracked 
| 144|0x00000000e9000000, 0x00000000e9000000, 0x00000000e9100000|  0%| F|  |TAMS 0x00000000e9000000, 0x00000000e9000000| Untracked 
| 145|0x00000000e9100000, 0x00000000e9100000, 0x00000000e9200000|  0%| F|  |TAMS 0x00000000e9100000, 0x00000000e9100000| Untracked 
| 146|0x00000000e9200000, 0x00000000e9200000, 0x00000000e9300000|  0%| F|  |TAMS 0x00000000e9200000, 0x00000000e9200000| Untracked 
| 147|0x00000000e9300000, 0x00000000e9300000, 0x00000000e9400000|  0%| F|  |TAMS 0x00000000e9300000, 0x00000000e9300000| Untracked 
| 148|0x00000000e9400000, 0x00000000e9400000, 0x00000000e9500000|  0%| F|  |TAMS 0x00000000e9400000, 0x00000000e9400000| Untracked 
| 149|0x00000000e9500000, 0x00000000e9500000, 0x00000000e9600000|  0%| F|  |TAMS 0x00000000e9500000, 0x00000000e9500000| Untracked 
| 150|0x00000000e9600000, 0x00000000e9600000, 0x00000000e9700000|  0%| F|  |TAMS 0x00000000e9600000, 0x00000000e9600000| Untracked 
| 151|0x00000000e9700000, 0x00000000e9700000, 0x00000000e9800000|  0%| F|  |TAMS 0x00000000e9700000, 0x00000000e9700000| Untracked 
| 152|0x00000000e9800000, 0x00000000e9800000, 0x00000000e9900000|  0%| F|  |TAMS 0x00000000e9800000, 0x00000000e9800000| Untracked 
| 153|0x00000000e9900000, 0x00000000e9900000, 0x00000000e9a00000|  0%| F|  |TAMS 0x00000000e9900000, 0x00000000e9900000| Untracked 
| 154|0x00000000e9a00000, 0x00000000e9a00000, 0x00000000e9b00000|  0%| F|  |TAMS 0x00000000e9a00000, 0x00000000e9a00000| Untracked 
| 155|0x00000000e9b00000, 0x00000000e9b00000, 0x00000000e9c00000|  0%| F|  |TAMS 0x00000000e9b00000, 0x00000000e9b00000| Untracked 
| 156|0x00000000e9c00000, 0x00000000e9c00000, 0x00000000e9d00000|  0%| F|  |TAMS 0x00000000e9c00000, 0x00000000e9c00000| Untracked 
| 157|0x00000000e9d00000, 0x00000000e9d00000, 0x00000000e9e00000|  0%| F|  |TAMS 0x00000000e9d00000, 0x00000000e9d00000| Untracked 
| 158|0x00000000e9e00000, 0x00000000e9e00000, 0x00000000e9f00000|  0%| F|  |TAMS 0x00000000e9e00000, 0x00000000e9e00000| Untracked 
| 159|0x00000000e9f00000, 0x00000000e9f00000, 0x00000000ea000000|  0%| F|  |TAMS 0x00000000e9f00000, 0x00000000e9f00000| Untracked 
| 160|0x00000000ea000000, 0x00000000ea000000, 0x00000000ea100000|  0%| F|  |TAMS 0x00000000ea000000, 0x00000000ea000000| Untracked 
| 161|0x00000000ea100000, 0x00000000ea100000, 0x00000000ea200000|  0%| F|  |TAMS 0x00000000ea100000, 0x00000000ea100000| Untracked 
| 162|0x00000000ea200000, 0x00000000ea200000, 0x00000000ea300000|  0%| F|  |TAMS 0x00000000ea200000, 0x00000000ea200000| Untracked 
| 163|0x00000000ea300000, 0x00000000ea300000, 0x00000000ea400000|  0%| F|  |TAMS 0x00000000ea300000, 0x00000000ea300000| Untracked 
| 164|0x00000000ea400000, 0x00000000ea400000, 0x00000000ea500000|  0%| F|  |TAMS 0x00000000ea400000, 0x00000000ea400000| Untracked 
| 165|0x00000000ea500000, 0x00000000ea500000, 0x00000000ea600000|  0%| F|  |TAMS 0x00000000ea500000, 0x00000000ea500000| Untracked 
| 166|0x00000000ea600000, 0x00000000ea600000, 0x00000000ea700000|  0%| F|  |TAMS 0x00000000ea600000, 0x00000000ea600000| Untracked 
| 167|0x00000000ea700000, 0x00000000ea700000, 0x00000000ea800000|  0%| F|  |TAMS 0x00000000ea700000, 0x00000000ea700000| Untracked 
| 168|0x00000000ea800000, 0x00000000ea800000, 0x00000000ea900000|  0%| F|  |TAMS 0x00000000ea800000, 0x00000000ea800000| Untracked 
| 169|0x00000000ea900000, 0x00000000ea900000, 0x00000000eaa00000|  0%| F|  |TAMS 0x00000000ea900000, 0x00000000ea900000| Untracked 
| 170|0x00000000eaa00000, 0x00000000eaa00000, 0x00000000eab00000|  0%| F|  |TAMS 0x00000000eaa00000, 0x00000000eaa00000| Untracked 
| 171|0x00000000eab00000, 0x00000000eab00000, 0x00000000eac00000|  0%| F|  |TAMS 0x00000000eab00000, 0x00000000eab00000| Untracked 
| 172|0x00000000eac00000, 0x00000000eac00000, 0x00000000ead00000|  0%| F|  |TAMS 0x00000000eac00000, 0x00000000eac00000| Untracked 
| 173|0x00000000ead00000, 0x00000000ead00000, 0x00000000eae00000|  0%| F|  |TAMS 0x00000000ead00000, 0x00000000ead00000| Untracked 
| 174|0x00000000eae00000, 0x00000000eae00000, 0x00000000eaf00000|  0%| F|  |TAMS 0x00000000eae00000, 0x00000000eae00000| Untracked 
| 175|0x00000000eaf00000, 0x00000000eaf00000, 0x00000000eb000000|  0%| F|  |TAMS 0x00000000eaf00000, 0x00000000eaf00000| Untracked 
| 176|0x00000000eb000000, 0x00000000eb000000, 0x00000000eb100000|  0%| F|  |TAMS 0x00000000eb000000, 0x00000000eb000000| Untracked 
| 177|0x00000000eb100000, 0x00000000eb100000, 0x00000000eb200000|  0%| F|  |TAMS 0x00000000eb100000, 0x00000000eb100000| Untracked 
| 178|0x00000000eb200000, 0x00000000eb200000, 0x00000000eb300000|  0%| F|  |TAMS 0x00000000eb200000, 0x00000000eb200000| Untracked 
| 179|0x00000000eb300000, 0x00000000eb300000, 0x00000000eb400000|  0%| F|  |TAMS 0x00000000eb300000, 0x00000000eb300000| Untracked 
| 180|0x00000000eb400000, 0x00000000eb400000, 0x00000000eb500000|  0%| F|  |TAMS 0x00000000eb400000, 0x00000000eb400000| Untracked 
| 181|0x00000000eb500000, 0x00000000eb500000, 0x00000000eb600000|  0%| F|  |TAMS 0x00000000eb500000, 0x00000000eb500000| Untracked 
| 182|0x00000000eb600000, 0x00000000eb600000, 0x00000000eb700000|  0%| F|  |TAMS 0x00000000eb600000, 0x00000000eb600000| Untracked 
| 183|0x00000000eb700000, 0x00000000eb700000, 0x00000000eb800000|  0%| F|  |TAMS 0x00000000eb700000, 0x00000000eb700000| Untracked 
| 184|0x00000000eb800000, 0x00000000eb800000, 0x00000000eb900000|  0%| F|  |TAMS 0x00000000eb800000, 0x00000000eb800000| Untracked 
| 185|0x00000000eb900000, 0x00000000eb900000, 0x00000000eba00000|  0%| F|  |TAMS 0x00000000eb900000, 0x00000000eb900000| Untracked 
| 186|0x00000000eba00000, 0x00000000eba00000, 0x00000000ebb00000|  0%| F|  |TAMS 0x00000000eba00000, 0x00000000eba00000| Untracked 
| 187|0x00000000ebb00000, 0x00000000ebb00000, 0x00000000ebc00000|  0%| F|  |TAMS 0x00000000ebb00000, 0x00000000ebb00000| Untracked 
| 188|0x00000000ebc00000, 0x00000000ebc00000, 0x00000000ebd00000|  0%| F|  |TAMS 0x00000000ebc00000, 0x00000000ebc00000| Untracked 
| 189|0x00000000ebd00000, 0x00000000ebd00000, 0x00000000ebe00000|  0%| F|  |TAMS 0x00000000ebd00000, 0x00000000ebd00000| Untracked 
| 190|0x00000000ebe00000, 0x00000000ebe00000, 0x00000000ebf00000|  0%| F|  |TAMS 0x00000000ebe00000, 0x00000000ebe00000| Untracked 
| 191|0x00000000ebf00000, 0x00000000ebf00000, 0x00000000ec000000|  0%| F|  |TAMS 0x00000000ebf00000, 0x00000000ebf00000| Untracked 
| 192|0x00000000ec000000, 0x00000000ec000000, 0x00000000ec100000|  0%| F|  |TAMS 0x00000000ec000000, 0x00000000ec000000| Untracked 
| 193|0x00000000ec100000, 0x00000000ec100000, 0x00000000ec200000|  0%| F|  |TAMS 0x00000000ec100000, 0x00000000ec100000| Untracked 
| 194|0x00000000ec200000, 0x00000000ec200000, 0x00000000ec300000|  0%| F|  |TAMS 0x00000000ec200000, 0x00000000ec200000| Untracked 
| 195|0x00000000ec300000, 0x00000000ec300000, 0x00000000ec400000|  0%| F|  |TAMS 0x00000000ec300000, 0x00000000ec300000| Untracked 
| 196|0x00000000ec400000, 0x00000000ec400000, 0x00000000ec500000|  0%| F|  |TAMS 0x00000000ec400000, 0x00000000ec400000| Untracked 
| 197|0x00000000ec500000, 0x00000000ec500000, 0x00000000ec600000|  0%| F|  |TAMS 0x00000000ec500000, 0x00000000ec500000| Untracked 
| 198|0x00000000ec600000, 0x00000000ec600000, 0x00000000ec700000|  0%| F|  |TAMS 0x00000000ec600000, 0x00000000ec600000| Untracked 
| 199|0x00000000ec700000, 0x00000000ec700000, 0x00000000ec800000|  0%| F|  |TAMS 0x00000000ec700000, 0x00000000ec700000| Untracked 
| 200|0x00000000ec800000, 0x00000000ec800000, 0x00000000ec900000|  0%| F|  |TAMS 0x00000000ec800000, 0x00000000ec800000| Untracked 
| 201|0x00000000ec900000, 0x00000000ec900000, 0x00000000eca00000|  0%| F|  |TAMS 0x00000000ec900000, 0x00000000ec900000| Untracked 
| 202|0x00000000eca00000, 0x00000000eca00000, 0x00000000ecb00000|  0%| F|  |TAMS 0x00000000eca00000, 0x00000000eca00000| Untracked 
| 203|0x00000000ecb00000, 0x00000000ecb00000, 0x00000000ecc00000|  0%| F|  |TAMS 0x00000000ecb00000, 0x00000000ecb00000| Untracked 
| 204|0x00000000ecc00000, 0x00000000ecc00000, 0x00000000ecd00000|  0%| F|  |TAMS 0x00000000ecc00000, 0x00000000ecc00000| Untracked 
| 205|0x00000000ecd00000, 0x00000000ecd00000, 0x00000000ece00000|  0%| F|  |TAMS 0x00000000ecd00000, 0x00000000ecd00000| Untracked 
| 206|0x00000000ece00000, 0x00000000ece00000, 0x00000000ecf00000|  0%| F|  |TAMS 0x00000000ece00000, 0x00000000ece00000| Untracked 
| 207|0x00000000ecf00000, 0x00000000ecf00000, 0x00000000ed000000|  0%| F|  |TAMS 0x00000000ecf00000, 0x00000000ecf00000| Untracked 
| 208|0x00000000ed000000, 0x00000000ed000000, 0x00000000ed100000|  0%| F|  |TAMS 0x00000000ed000000, 0x00000000ed000000| Untracked 
| 209|0x00000000ed100000, 0x00000000ed100000, 0x00000000ed200000|  0%| F|  |TAMS 0x00000000ed100000, 0x00000000ed100000| Untracked 
| 210|0x00000000ed200000, 0x00000000ed300000, 0x00000000ed300000|100%| E|  |TAMS 0x00000000ed200000, 0x00000000ed200000| Complete 
| 211|0x00000000ed300000, 0x00000000ed400000, 0x00000000ed400000|100%| E|CS|TAMS 0x00000000ed300000, 0x00000000ed300000| Complete 
| 212|0x00000000ed400000, 0x00000000ed500000, 0x00000000ed500000|100%| E|CS|TAMS 0x00000000ed400000, 0x00000000ed400000| Complete 
| 213|0x00000000ed500000, 0x00000000ed600000, 0x00000000ed600000|100%| E|CS|TAMS 0x00000000ed500000, 0x00000000ed500000| Complete 
| 214|0x00000000ed600000, 0x00000000ed700000, 0x00000000ed700000|100%| E|CS|TAMS 0x00000000ed600000, 0x00000000ed600000| Complete 
| 215|0x00000000ed700000, 0x00000000ed800000, 0x00000000ed800000|100%| E|CS|TAMS 0x00000000ed700000, 0x00000000ed700000| Complete 
| 216|0x00000000ed800000, 0x00000000ed900000, 0x00000000ed900000|100%| E|CS|TAMS 0x00000000ed800000, 0x00000000ed800000| Complete 
| 217|0x00000000ed900000, 0x00000000eda00000, 0x00000000eda00000|100%| E|CS|TAMS 0x00000000ed900000, 0x00000000ed900000| Complete 
| 218|0x00000000eda00000, 0x00000000edb00000, 0x00000000edb00000|100%| E|CS|TAMS 0x00000000eda00000, 0x00000000eda00000| Complete 
| 219|0x00000000edb00000, 0x00000000edc00000, 0x00000000edc00000|100%| E|CS|TAMS 0x00000000edb00000, 0x00000000edb00000| Complete 
| 220|0x00000000edc00000, 0x00000000edd00000, 0x00000000edd00000|100%| E|CS|TAMS 0x00000000edc00000, 0x00000000edc00000| Complete 
| 221|0x00000000edd00000, 0x00000000ede00000, 0x00000000ede00000|100%| E|CS|TAMS 0x00000000edd00000, 0x00000000edd00000| Complete 
| 222|0x00000000ede00000, 0x00000000edf00000, 0x00000000edf00000|100%| E|CS|TAMS 0x00000000ede00000, 0x00000000ede00000| Complete 
| 223|0x00000000edf00000, 0x00000000ee000000, 0x00000000ee000000|100%| E|CS|TAMS 0x00000000edf00000, 0x00000000edf00000| Complete 
| 224|0x00000000ee000000, 0x00000000ee100000, 0x00000000ee100000|100%| E|CS|TAMS 0x00000000ee000000, 0x00000000ee000000| Complete 
| 225|0x00000000ee100000, 0x00000000ee200000, 0x00000000ee200000|100%| E|CS|TAMS 0x00000000ee100000, 0x00000000ee100000| Complete 
| 226|0x00000000ee200000, 0x00000000ee300000, 0x00000000ee300000|100%| E|CS|TAMS 0x00000000ee200000, 0x00000000ee200000| Complete 
| 227|0x00000000ee300000, 0x00000000ee400000, 0x00000000ee400000|100%| E|CS|TAMS 0x00000000ee300000, 0x00000000ee300000| Complete 
| 228|0x00000000ee400000, 0x00000000ee500000, 0x00000000ee500000|100%| E|CS|TAMS 0x00000000ee400000, 0x00000000ee400000| Complete 
| 229|0x00000000ee500000, 0x00000000ee600000, 0x00000000ee600000|100%| E|CS|TAMS 0x00000000ee500000, 0x00000000ee500000| Complete 
| 230|0x00000000ee600000, 0x00000000ee700000, 0x00000000ee700000|100%| E|CS|TAMS 0x00000000ee600000, 0x00000000ee600000| Complete 
| 231|0x00000000ee700000, 0x00000000ee800000, 0x00000000ee800000|100%| E|CS|TAMS 0x00000000ee700000, 0x00000000ee700000| Complete 
| 232|0x00000000ee800000, 0x00000000ee900000, 0x00000000ee900000|100%| E|CS|TAMS 0x00000000ee800000, 0x00000000ee800000| Complete 
| 233|0x00000000ee900000, 0x00000000eea00000, 0x00000000eea00000|100%| E|CS|TAMS 0x00000000ee900000, 0x00000000ee900000| Complete 
| 234|0x00000000eea00000, 0x00000000eeb00000, 0x00000000eeb00000|100%| E|CS|TAMS 0x00000000eea00000, 0x00000000eea00000| Complete 
| 235|0x00000000eeb00000, 0x00000000eec00000, 0x00000000eec00000|100%| E|CS|TAMS 0x00000000eeb00000, 0x00000000eeb00000| Complete 
| 236|0x00000000eec00000, 0x00000000eed00000, 0x00000000eed00000|100%| E|CS|TAMS 0x00000000eec00000, 0x00000000eec00000| Complete 
| 237|0x00000000eed00000, 0x00000000eee00000, 0x00000000eee00000|100%| E|CS|TAMS 0x00000000eed00000, 0x00000000eed00000| Complete 
| 238|0x00000000eee00000, 0x00000000eef00000, 0x00000000eef00000|100%| E|CS|TAMS 0x00000000eee00000, 0x00000000eee00000| Complete 
| 239|0x00000000eef00000, 0x00000000ef000000, 0x00000000ef000000|100%| E|CS|TAMS 0x00000000eef00000, 0x00000000eef00000| Complete 
| 240|0x00000000ef000000, 0x00000000ef100000, 0x00000000ef100000|100%| E|CS|TAMS 0x00000000ef000000, 0x00000000ef000000| Complete 
| 241|0x00000000ef100000, 0x00000000ef200000, 0x00000000ef200000|100%| E|CS|TAMS 0x00000000ef100000, 0x00000000ef100000| Complete 
| 242|0x00000000ef200000, 0x00000000ef300000, 0x00000000ef300000|100%| E|CS|TAMS 0x00000000ef200000, 0x00000000ef200000| Complete 
| 243|0x00000000ef300000, 0x00000000ef400000, 0x00000000ef400000|100%| E|CS|TAMS 0x00000000ef300000, 0x00000000ef300000| Complete 
| 244|0x00000000ef400000, 0x00000000ef500000, 0x00000000ef500000|100%| E|CS|TAMS 0x00000000ef400000, 0x00000000ef400000| Complete 
| 245|0x00000000ef500000, 0x00000000ef600000, 0x00000000ef600000|100%| E|CS|TAMS 0x00000000ef500000, 0x00000000ef500000| Complete 
| 246|0x00000000ef600000, 0x00000000ef700000, 0x00000000ef700000|100%| E|CS|TAMS 0x00000000ef600000, 0x00000000ef600000| Complete 
| 247|0x00000000ef700000, 0x00000000ef800000, 0x00000000ef800000|100%| E|CS|TAMS 0x00000000ef700000, 0x00000000ef700000| Complete 
| 248|0x00000000ef800000, 0x00000000ef900000, 0x00000000ef900000|100%| E|CS|TAMS 0x00000000ef800000, 0x00000000ef800000| Complete 
| 249|0x00000000ef900000, 0x00000000efa00000, 0x00000000efa00000|100%| E|CS|TAMS 0x00000000ef900000, 0x00000000ef900000| Complete 
| 250|0x00000000efa00000, 0x00000000efb00000, 0x00000000efb00000|100%| E|CS|TAMS 0x00000000efa00000, 0x00000000efa00000| Complete 
| 251|0x00000000efb00000, 0x00000000efc00000, 0x00000000efc00000|100%| E|CS|TAMS 0x00000000efb00000, 0x00000000efb00000| Complete 
| 252|0x00000000efc00000, 0x00000000efd00000, 0x00000000efd00000|100%| E|CS|TAMS 0x00000000efc00000, 0x00000000efc00000| Complete 
| 253|0x00000000efd00000, 0x00000000efe00000, 0x00000000efe00000|100%| S|CS|TAMS 0x00000000efd00000, 0x00000000efd00000| Complete 
| 254|0x00000000efe00000, 0x00000000eff00000, 0x00000000eff00000|100%| S|CS|TAMS 0x00000000efe00000, 0x00000000efe00000| Complete 
| 255|0x00000000eff00000, 0x00000000f0000000, 0x00000000f0000000|100%| E|CS|TAMS 0x00000000eff00000, 0x00000000eff00000| Complete 

Card table byte_map: [0x0000027119530000,0x0000027119630000] _byte_map_base: 0x0000027118e30000

Marking Bits (Prev, Next): (CMBitMap*) 0x00000271023c9f40, (CMBitMap*) 0x00000271023c9f80
 Prev Bits: [0x0000027119730000, 0x0000027119f30000)
 Next Bits: [0x0000027119f30000, 0x000002711a730000)

Polling page: 0x00000271000e0000

Metaspace:

Usage:
  Non-class:     32.62 MB used.
      Class:      5.30 MB used.
       Both:     37.92 MB used.

Virtual space:
  Non-class space:       64.00 MB reserved,      32.88 MB ( 51%) committed,  1 nodes.
      Class space:      320.00 MB reserved,       5.56 MB (  2%) committed,  1 nodes.
             Both:      384.00 MB reserved,      38.44 MB ( 10%) committed. 

Chunk freelists:
   Non-Class:  14.45 MB
       Class:  10.42 MB
        Both:  24.87 MB

MaxMetaspaceSize: 384.00 MB
CompressedClassSpaceSize: 320.00 MB
Initial GC threshold: 21.00 MB
Current GC threshold: 55.94 MB
CDS: on
MetaspaceReclaimPolicy: balanced
 - commit_granule_bytes: 65536.
 - commit_granule_words: 8192.
 - virtual_space_node_default_size: 8388608.
 - enlarge_chunks_in_place: 1.
 - new_chunks_are_fully_committed: 0.
 - uncommit_free_chunks: 1.
 - use_allocation_guard: 0.
 - handle_deallocations: 1.


Internal statistics:

num_allocs_failed_limit: 9.
num_arena_births: 498.
num_arena_deaths: 0.
num_vsnodes_births: 2.
num_vsnodes_deaths: 0.
num_space_committed: 615.
num_space_uncommitted: 0.
num_chunks_returned_to_freelist: 9.
num_chunks_taken_from_freelist: 1980.
num_chunk_merges: 9.
num_chunk_splits: 1315.
num_chunks_enlarged: 900.
num_inconsistent_stats: 0.

CodeHeap 'non-profiled nmethods': size=120000Kb used=2465Kb max_used=3161Kb free=117535Kb
 bounds [0x00000271119a0000, 0x0000027111cc0000, 0x0000027118ed0000]
CodeHeap 'profiled nmethods': size=120000Kb used=8061Kb max_used=9569Kb free=111939Kb
 bounds [0x0000027109ed0000, 0x000002710a830000, 0x0000027111400000]
CodeHeap 'non-nmethods': size=5760Kb used=2303Kb max_used=2337Kb free=3456Kb
 bounds [0x0000027111400000, 0x0000027111670000, 0x00000271119a0000]
 total_blobs=5075 nmethods=4262 adapters=724
 compilation: enabled
              stopped_count=0, restarted_count=0
 full_count=0

Compilation events (20 events):
Event: 512.270 Thread 0x000002711d408c30 5074       3       org.gradle.internal.instantiation.generator.AbstractClassGenerator$ManagedPropertiesHandler::visitProperty (37 bytes)
Event: 512.271 Thread 0x000002711d408c30 nmethod 5074 0x0000027109fe2810 code [0x0000027109fe2a40, 0x0000027109fe30e8]
Event: 512.271 Thread 0x000002711d408c30 5075       3       org.gradle.internal.instantiation.generator.AbstractClassGenerator::access$1800 (5 bytes)
Event: 512.271 Thread 0x000002711d408c30 nmethod 5075 0x000002710a0b1a10 code [0x000002710a0b1c20, 0x000002710a0b2208]
Event: 512.271 Thread 0x000002711d408c30 5076       3       org.gradle.internal.instantiation.generator.AbstractClassGenerator::isEagerAttachProperty (30 bytes)
Event: 512.272 Thread 0x000002711d408c30 nmethod 5076 0x000002710a2b9190 code [0x000002710a2b93a0, 0x000002710a2b9928]
Event: 512.272 Thread 0x000002711d408c30 5077       3       org.gradle.internal.instantiation.generator.AbstractClassGenerator::access$1900 (5 bytes)
Event: 512.272 Thread 0x000002711d408c30 nmethod 5077 0x000002710a2cff10 code [0x000002710a2d00e0, 0x000002710a2d03b8]
Event: 512.272 Thread 0x000002711d408c30 5078       3       org.gradle.internal.instantiation.generator.AbstractClassGenerator::isIneligibleForConventionMapping (32 bytes)
Event: 512.273 Thread 0x000002711d408c30 nmethod 5078 0x0000027109f59d90 code [0x0000027109f5a000, 0x0000027109f5ac98]
Event: 512.273 Thread 0x000002711d408c30 5079       3       org.gradle.internal.instantiation.generator.AbstractClassGenerator$ExtensibleTypePropertyHandler::claimPropertyImplementation (99 bytes)
Event: 512.274 Thread 0x000002711d408c30 nmethod 5079 0x0000027109f3ef10 code [0x0000027109f3f180, 0x0000027109f3fb18]
Event: 512.274 Thread 0x000002711d408c30 5080       3       java.lang.invoke.MethodHandles::constant (88 bytes)
Event: 512.275 Thread 0x000002711d408c30 nmethod 5080 0x0000027109f24610 code [0x0000027109f24900, 0x0000027109f25858]
Event: 512.292 Thread 0x000002711d408c30 5081       3       org.objectweb.asm.SymbolTable$Entry::<init> (17 bytes)
Event: 512.292 Thread 0x000002711d408c30 nmethod 5081 0x000002710a224790 code [0x000002710a224940, 0x000002710a224ac8]
Event: 512.294 Thread 0x000002711d408c30 5082       3       org.gradle.model.internal.asm.MethodVisitorScope::_GOTO (9 bytes)
Event: 512.295 Thread 0x000002711d408c30 nmethod 5082 0x000002710a2cf990 code [0x000002710a2cfb40, 0x000002710a2cfda8]
Event: 512.330 Thread 0x000002711d408c30 5085   !   3       java.lang.invoke.LambdaForm::compileToBytecode (164 bytes)
Event: 512.331 Thread 0x000002711d408c30 nmethod 5085 0x000002710a23c610 code [0x000002710a23c860, 0x000002710a23d118]

GC Heap History (12 events):
Event: 12.123 GC heap before
{Heap before GC invocations=0 (full 0):
 garbage-first heap   total 262144K, used 22528K [0x00000000e0000000, 0x0000000100000000)
  region size 1024K, 23 young (23552K), 0 survivors (0K)
 Metaspace       used 1070K, committed 1216K, reserved 393216K
  class space    used 73K, committed 128K, reserved 327680K
}
Event: 12.414 GC heap after
{Heap after GC invocations=1 (full 0):
 garbage-first heap   total 262144K, used 3907K [0x00000000e0000000, 0x0000000100000000)
  region size 1024K, 3 young (3072K), 3 survivors (3072K)
 Metaspace       used 1070K, committed 1216K, reserved 393216K
  class space    used 73K, committed 128K, reserved 327680K
}
Event: 28.983 GC heap before
{Heap before GC invocations=1 (full 0):
 garbage-first heap   total 262144K, used 40771K [0x00000000e0000000, 0x0000000100000000)
  region size 1024K, 36 young (36864K), 3 survivors (3072K)
 Metaspace       used 4418K, committed 4608K, reserved 393216K
  class space    used 545K, committed 640K, reserved 327680K
}
Event: 28.987 GC heap after
{Heap after GC invocations=2 (full 0):
 garbage-first heap   total 262144K, used 11529K [0x00000000e0000000, 0x0000000100000000)
  region size 1024K, 5 young (5120K), 5 survivors (5120K)
 Metaspace       used 4418K, committed 4608K, reserved 393216K
  class space    used 545K, committed 640K, reserved 327680K
}
Event: 41.893 GC heap before
{Heap before GC invocations=2 (full 0):
 garbage-first heap   total 262144K, used 60681K [0x00000000e0000000, 0x0000000100000000)
  region size 1024K, 51 young (52224K), 5 survivors (5120K)
 Metaspace       used 5087K, committed 5312K, reserved 393216K
  class space    used 670K, committed 768K, reserved 327680K
}
Event: 41.897 GC heap after
{Heap after GC invocations=3 (full 0):
 garbage-first heap   total 262144K, used 16853K [0x00000000e0000000, 0x0000000100000000)
  region size 1024K, 5 young (5120K), 5 survivors (5120K)
 Metaspace       used 5087K, committed 5312K, reserved 393216K
  class space    used 670K, committed 768K, reserved 327680K
}
Event: 77.533 GC heap before
{Heap before GC invocations=3 (full 0):
 garbage-first heap   total 262144K, used 124373K [0x00000000e0000000, 0x0000000100000000)
  region size 1024K, 111 young (113664K), 5 survivors (5120K)
 Metaspace       used 21206K, committed 21504K, reserved 393216K
  class space    used 3096K, committed 3264K, reserved 327680K
}
Event: 77.943 GC heap after
{Heap after GC invocations=4 (full 0):
 garbage-first heap   total 262144K, used 24027K [0x00000000e0000000, 0x0000000100000000)
  region size 1024K, 12 young (12288K), 12 survivors (12288K)
 Metaspace       used 21206K, committed 21504K, reserved 393216K
  class space    used 3096K, committed 3264K, reserved 327680K
}
Event: 486.325 GC heap before
{Heap before GC invocations=5 (full 0):
 garbage-first heap   total 262144K, used 172507K [0x00000000e0000000, 0x0000000100000000)
  region size 1024K, 153 young (156672K), 12 survivors (12288K)
 Metaspace       used 34007K, committed 34368K, reserved 393216K
  class space    used 4656K, committed 4800K, reserved 327680K
}
Event: 486.815 GC heap after
{Heap after GC invocations=6 (full 0):
 garbage-first heap   total 262144K, used 31827K [0x00000000e0000000, 0x0000000100000000)
  region size 1024K, 15 young (15360K), 15 survivors (15360K)
 Metaspace       used 34007K, committed 34368K, reserved 393216K
  class space    used 4656K, committed 4800K, reserved 327680K
}
Event: 488.095 GC heap before
{Heap before GC invocations=7 (full 0):
 garbage-first heap   total 262144K, used 32851K [0x00000000e0000000, 0x0000000100000000)
  region size 1024K, 16 young (16384K), 15 survivors (15360K)
 Metaspace       used 34107K, committed 34496K, reserved 393216K
  class space    used 4670K, committed 4864K, reserved 327680K
}
Event: 488.129 GC heap after
{Heap after GC invocations=8 (full 0):
 garbage-first heap   total 262144K, used 32599K [0x00000000e0000000, 0x0000000100000000)
  region size 1024K, 2 young (2048K), 2 survivors (2048K)
 Metaspace       used 34107K, committed 34496K, reserved 393216K
  class space    used 4670K, committed 4864K, reserved 327680K
}

Dll operation events (15 events):
Event: 0.014 Loaded shared library C:\Program Files\Microsoft\jdk-17.0.13.11-hotspot\bin\java.dll
Event: 0.519 Loaded shared library C:\Program Files\Microsoft\jdk-17.0.13.11-hotspot\bin\jsvml.dll
Event: 2.745 Loaded shared library C:\Program Files\Microsoft\jdk-17.0.13.11-hotspot\bin\zip.dll
Event: 2.794 Loaded shared library C:\Program Files\Microsoft\jdk-17.0.13.11-hotspot\bin\instrument.dll
Event: 5.066 Loaded shared library C:\Program Files\Microsoft\jdk-17.0.13.11-hotspot\bin\net.dll
Event: 5.260 Loaded shared library C:\Program Files\Microsoft\jdk-17.0.13.11-hotspot\bin\nio.dll
Event: 5.280 Loaded shared library C:\Program Files\Microsoft\jdk-17.0.13.11-hotspot\bin\zip.dll
Event: 11.104 Loaded shared library C:\Program Files\Microsoft\jdk-17.0.13.11-hotspot\bin\jimage.dll
Event: 13.747 Loaded shared library C:\Program Files\Microsoft\jdk-17.0.13.11-hotspot\bin\verify.dll
Event: 16.053 Loaded shared library C:\Users\DLCH\.gradle\native\1def1411415f61bf3af743bc5b6707747c0891f09f0c88961ee8f79bc544acac\windows-amd64\native-platform.dll
Event: 16.075 Loaded shared library C:\Users\DLCH\.gradle\native\0.2.6\x86_64-windows-gnu\gradle-fileevents.dll
Event: 44.257 Loaded shared library C:\Program Files\Microsoft\jdk-17.0.13.11-hotspot\bin\management.dll
Event: 44.261 Loaded shared library C:\Program Files\Microsoft\jdk-17.0.13.11-hotspot\bin\management_ext.dll
Event: 51.249 Loaded shared library C:\Program Files\Microsoft\jdk-17.0.13.11-hotspot\bin\extnet.dll
Event: 60.502 Loaded shared library C:\Program Files\Microsoft\jdk-17.0.13.11-hotspot\bin\sunmscapi.dll

Deoptimization events (20 events):
Event: 485.567 Thread 0x000002711d509770 DEOPT PACKING pc=0x0000027111c3bd60 sp=0x000000dcf8ef6740
Event: 485.568 Thread 0x000002711d509770 DEOPT UNPACKING pc=0x00000271114569a3 sp=0x000000dcf8ef6720 mode 2
Event: 499.077 Thread 0x000002711d509770 Uncommon trap: trap_request=0xffffff45 fr.pc=0x0000027111c13ce8 relative=0x00000000000001a8
Event: 499.077 Thread 0x000002711d509770 Uncommon trap: reason=unstable_if action=reinterpret pc=0x0000027111c13ce8 method=java.util.regex.Pattern$BmpCharProperty.match(Ljava/util/regex/Matcher;ILjava/lang/CharSequence;)Z @ 39 c2
Event: 499.077 Thread 0x000002711d509770 DEOPT PACKING pc=0x0000027111c13ce8 sp=0x000000dcf8ef6cb0
Event: 499.077 Thread 0x000002711d509770 DEOPT UNPACKING pc=0x00000271114569a3 sp=0x000000dcf8ef6c60 mode 2
Event: 501.769 Thread 0x000002711d509770 Uncommon trap: trap_request=0xffffff45 fr.pc=0x0000027111b2d95c relative=0x000000000000315c
Event: 501.769 Thread 0x000002711d509770 Uncommon trap: reason=unstable_if action=reinterpret pc=0x0000027111b2d95c method=org.objectweb.asm.Frame.push(I)V @ 26 c2
Event: 501.769 Thread 0x000002711d509770 DEOPT PACKING pc=0x0000027111b2d95c sp=0x000000dcf8ef7140
Event: 501.769 Thread 0x000002711d509770 DEOPT UNPACKING pc=0x00000271114569a3 sp=0x000000dcf8ef7078 mode 2
Event: 501.971 Thread 0x000002711d509770 Uncommon trap: trap_request=0xffffff3d fr.pc=0x0000027111a92980 relative=0x0000000000000ce0
Event: 501.971 Thread 0x000002711d509770 Uncommon trap: reason=unstable_fused_if action=reinterpret pc=0x0000027111a92980 method=org.objectweb.asm.ByteVector.putUTF8(Ljava/lang/String;)Lorg/objectweb/asm/ByteVector; @ 93 c2
Event: 501.971 Thread 0x000002711d509770 DEOPT PACKING pc=0x0000027111a92980 sp=0x000000dcf8ef65e0
Event: 501.971 Thread 0x000002711d509770 DEOPT UNPACKING pc=0x00000271114569a3 sp=0x000000dcf8ef6538 mode 2
Event: 509.238 Thread 0x000002711d509770 DEOPT PACKING pc=0x000002710a33a913 sp=0x000000dcf8ef63d0
Event: 509.238 Thread 0x000002711d509770 DEOPT UNPACKING pc=0x0000027111457143 sp=0x000000dcf8ef5840 mode 0
Event: 511.789 Thread 0x000002711d509770 Uncommon trap: trap_request=0xffffff45 fr.pc=0x0000027111c1b830 relative=0x0000000000000110
Event: 511.789 Thread 0x000002711d509770 Uncommon trap: reason=unstable_if action=reinterpret pc=0x0000027111c1b830 method=java.util.Arrays.hashCode([Ljava/lang/Object;)I @ 34 c2
Event: 511.789 Thread 0x000002711d509770 DEOPT PACKING pc=0x0000027111c1b830 sp=0x000000dcf8ef8500
Event: 511.789 Thread 0x000002711d509770 DEOPT UNPACKING pc=0x00000271114569a3 sp=0x000000dcf8ef8478 mode 2

Classes loaded (20 events):
Event: 362.668 Loading class com/sun/beans/finder/MethodFinder$1
Event: 362.668 Loading class com/sun/beans/finder/MethodFinder$1 done
Event: 362.668 Loading class com/sun/beans/finder/FinderUtils
Event: 362.668 Loading class com/sun/beans/finder/FinderUtils done
Event: 477.679 Loading class java/util/function/IntBinaryOperator
Event: 477.735 Loading class java/util/function/IntBinaryOperator done
Event: 487.068 Loading class java/lang/invoke/SerializedLambda
Event: 487.128 Loading class java/lang/invoke/SerializedLambda done
Event: 488.216 Loading class java/lang/SafeVarargs
Event: 488.216 Loading class java/lang/SafeVarargs done
Event: 495.561 Loading class jdk/internal/reflect/UnsafeStaticIntegerFieldAccessorImpl
Event: 495.571 Loading class jdk/internal/reflect/UnsafeStaticIntegerFieldAccessorImpl done
Event: 502.767 Loading class java/util/ArrayList$ListItr
Event: 502.768 Loading class java/util/ArrayList$ListItr done
Event: 511.820 Loading class java/util/PrimitiveIterator$OfInt
Event: 511.822 Loading class java/util/PrimitiveIterator
Event: 511.824 Loading class java/util/PrimitiveIterator done
Event: 511.824 Loading class java/util/PrimitiveIterator$OfInt done
Event: 511.922 Loading class java/util/concurrent/RecursiveAction
Event: 511.923 Loading class java/util/concurrent/RecursiveAction done

Classes unloaded (0 events):
No events

Classes redefined (0 events):
No events

Internal exceptions (20 events):
Event: 498.843 Thread 0x000002711d509770 Exception <a 'java/lang/NoSuchMethodError'{0x00000000eee3c068}: 'java.lang.Object java.lang.invoke.Invokers$Holder.linkToTargetMethod(java.lang.Object, java.lang.Object, java.lang.Object, java.lang.Object, java.lang.Object, java.lang.Object, java.lang.Object, java.lang.Object, java.lang.Object, java.lang.Object, java.lang.Object, java.lang.Object)'> (0x00000000eee3c068) 
thrown [s\src\hotspot\share\interpreter\linkResolver.cpp, line 759]
Event: 502.410 Thread 0x000002711d509770 Exception <a 'java/lang/NoSuchMethodError'{0x00000000ee3d9310}: 'java.lang.Object java.lang.invoke.DirectMethodHandle$Holder.newInvokeSpecial(java.lang.Object, java.lang.Object, java.lang.Object, java.lang.Object, int)'> (0x00000000ee3d9310) 
thrown [s\src\hotspot\share\interpreter\linkResolver.cpp, line 759]
Event: 502.412 Thread 0x000002711d509770 Exception <a 'java/lang/NoSuchMethodError'{0x00000000ee3de580}: 'java.lang.Object java.lang.invoke.DirectMethodHandle$Holder.invokeSpecial(java.lang.Object, java.lang.Object, java.lang.Object, java.lang.Object, java.lang.Object, int)'> (0x00000000ee3de580) 
thrown [s\src\hotspot\share\interpreter\linkResolver.cpp, line 759]
Event: 502.413 Thread 0x000002711d509770 Exception <a 'java/lang/NoSuchMethodError'{0x00000000ee3e2fb0}: 'java.lang.Object java.lang.invoke.Invokers$Holder.linkToTargetMethod(java.lang.Object, java.lang.Object, java.lang.Object, int, java.lang.Object)'> (0x00000000ee3e2fb0) 
thrown [s\src\hotspot\share\interpreter\linkResolver.cpp, line 759]
Event: 502.613 Thread 0x000002711d509770 Exception <a 'java/lang/NoSuchMethodError'{0x00000000ee1cfd48}: 'void java.lang.invoke.DirectMethodHandle$Holder.invokeSpecial(java.lang.Object, java.lang.Object, java.lang.Object, java.lang.Object, java.lang.Object, java.lang.Object)'> (0x00000000ee1cfd48) 
thrown [s\src\hotspot\share\interpreter\linkResolver.cpp, line 759]
Event: 502.803 Thread 0x000002711d509770 Exception <a 'java/lang/NoSuchMethodError'{0x00000000ee0be608}: 'int java.lang.invoke.DirectMethodHandle$Holder.invokeInterface(java.lang.Object, java.lang.Object, java.lang.Object, java.lang.Object)'> (0x00000000ee0be608) 
thrown [s\src\hotspot\share\interpreter\linkResolver.cpp, line 759]
Event: 504.380 Thread 0x000002711d509770 Exception <a 'java/lang/NoSuchMethodError'{0x00000000edd4f7e0}: 'java.lang.Object java.lang.invoke.DirectMethodHandle$Holder.invokeStatic(java.lang.Object, long, java.lang.Object)'> (0x00000000edd4f7e0) 
thrown [s\src\hotspot\share\interpreter\linkResolver.cpp, line 759]
Event: 504.445 Thread 0x000002711d509770 Exception <a 'java/lang/NoSuchMethodError'{0x00000000edd578e0}: 'java.lang.Object java.lang.invoke.DirectMethodHandle$Holder.newInvokeSpecial(java.lang.Object, long)'> (0x00000000edd578e0) 
thrown [s\src\hotspot\share\interpreter\linkResolver.cpp, line 759]
Event: 504.871 Thread 0x000002711d509770 Exception <a 'java/lang/NoSuchMethodError'{0x00000000eddc9598}: 'java.lang.Object java.lang.invoke.Invokers$Holder.linkToTargetMethod(java.lang.Object, java.lang.Object, java.lang.Object, java.lang.Object, long, java.lang.Object, java.lang.Object)'> (0x00000000eddc9598) 
thrown [s\src\hotspot\share\interpreter\linkResolver.cpp, line 759]
Event: 506.087 Thread 0x000002711d509770 Exception <a 'java/lang/NoSuchMethodError'{0x00000000edc10160}: 'java.lang.Object java.lang.invoke.DirectMethodHandle$Holder.newInvokeSpecial(java.lang.Object, java.lang.Object, java.lang.Object, long, java.lang.Object)'> (0x00000000edc10160) 
thrown [s\src\hotspot\share\interpreter\linkResolver.cpp, line 759]
Event: 506.093 Thread 0x000002711d509770 Exception <a 'java/lang/NoSuchMethodError'{0x00000000edc152d8}: 'java.lang.Object java.lang.invoke.DirectMethodHandle$Holder.invokeSpecial(java.lang.Object, java.lang.Object, java.lang.Object, java.lang.Object, long, java.lang.Object)'> (0x00000000edc152d8) 
thrown [s\src\hotspot\share\interpreter\linkResolver.cpp, line 759]
Event: 506.579 Thread 0x000002711d509770 Exception <a 'java/lang/NoSuchMethodError'{0x00000000edc19b08}: 'java.lang.Object java.lang.invoke.Invokers$Holder.linkToTargetMethod(java.lang.Object, java.lang.Object, long, java.lang.Object, java.lang.Object)'> (0x00000000edc19b08) 
thrown [s\src\hotspot\share\interpreter\linkResolver.cpp, line 759]
Event: 511.789 Thread 0x000002711d509770 Implicit null exception at 0x0000027111c1b76c to 0x0000027111c1b814
Event: 511.982 Thread 0x000002711d509770 Exception <a 'java/lang/ClassNotFoundException'{0x00000000ed60ef40}: org/gradle/api/internal/artifacts/dsl/dependencies/DefaultDependencyHandler_DecoratedBeanInfo> (0x00000000ed60ef40) 
thrown [s\src\hotspot\share\classfile\systemDictionary.cpp, line 256]
Event: 511.984 Thread 0x000002711d509770 Exception <a 'java/lang/ClassNotFoundException'{0x00000000ed624d20}: org/gradle/api/internal/artifacts/dsl/dependencies/DefaultDependencyHandlerBeanInfo> (0x00000000ed624d20) 
thrown [s\src\hotspot\share\classfile\systemDictionary.cpp, line 256]
Event: 511.986 Thread 0x000002711d509770 Exception <a 'java/lang/ClassNotFoundException'{0x00000000ed63aac0}: org/gradle/api/internal/artifacts/dsl/dependencies/DefaultDependencyHandlerCustomizer> (0x00000000ed63aac0) 
thrown [s\src\hotspot\share\classfile\systemDictionary.cpp, line 256]
Event: 511.995 Thread 0x000002711d509770 Exception <a 'java/lang/ClassNotFoundException'{0x00000000ed67aee0}: org/gradle/api/internal/artifacts/dsl/dependencies/DefaultDependencyHandler_DecoratedCustomizer> (0x00000000ed67aee0) 
thrown [s\src\hotspot\share\classfile\systemDictionary.cpp, line 256]
Event: 512.009 Thread 0x000002711d509770 Exception <a 'java/lang/ClassNotFoundException'{0x00000000ed6b72a0}: ijresolvers1_1q9uo6ks659jpoao3cfip2gwd$_run_closure1BeanInfo> (0x00000000ed6b72a0) 
thrown [s\src\hotspot\share\classfile\systemDictionary.cpp, line 256]
Event: 512.011 Thread 0x000002711d509770 Exception <a 'java/lang/ClassNotFoundException'{0x00000000ed6bdbb0}: ijresolvers1_1q9uo6ks659jpoao3cfip2gwd$_run_closure1Customizer> (0x00000000ed6bdbb0) 
thrown [s\src\hotspot\share\classfile\systemDictionary.cpp, line 256]
Event: 512.331 Thread 0x000002711d509770 Exception <a 'java/lang/NoSuchMethodError'{0x00000000ed259888}: 'java.lang.Object java.lang.invoke.DirectMethodHandle$Holder.newInvokeSpecial(java.lang.Object, int, java.lang.Object)'> (0x00000000ed259888) 
thrown [s\src\hotspot\share\interpreter\linkResolver.cpp, line 759]

VM Operations (20 events):
Event: 502.097 Executing VM operation: HandshakeAllThreads done
Event: 502.769 Executing VM operation: HandshakeAllThreads
Event: 502.769 Executing VM operation: HandshakeAllThreads done
Event: 502.769 Executing VM operation: Cleanup
Event: 502.769 Executing VM operation: Cleanup done
Event: 502.797 Executing VM operation: HandshakeAllThreads
Event: 502.798 Executing VM operation: HandshakeAllThreads done
Event: 503.804 Executing VM operation: Cleanup
Event: 503.835 Executing VM operation: Cleanup done
Event: 504.843 Executing VM operation: Cleanup
Event: 504.844 Executing VM operation: Cleanup done
Event: 505.851 Executing VM operation: Cleanup
Event: 506.086 Executing VM operation: Cleanup done
Event: 507.101 Executing VM operation: Cleanup
Event: 507.162 Executing VM operation: Cleanup done
Event: 508.173 Executing VM operation: Cleanup
Event: 508.261 Executing VM operation: Cleanup done
Event: 511.294 Executing VM operation: Cleanup
Event: 511.323 Executing VM operation: Cleanup done
Event: 512.338 Executing VM operation: Cleanup

Memory protections (0 events):
No events

Nmethod flushes (20 events):
Event: 494.098 Thread 0x000002711d40c470 flushing  nmethod 0x000002710a6d6390
Event: 494.098 Thread 0x000002711d40c470 flushing  nmethod 0x000002710a6d6a10
Event: 494.098 Thread 0x000002711d40c470 flushing  nmethod 0x000002710a6d7010
Event: 494.098 Thread 0x000002711d40c470 flushing  nmethod 0x000002710a6d7590
Event: 494.098 Thread 0x000002711d40c470 flushing  nmethod 0x000002710a6db390
Event: 494.098 Thread 0x000002711d40c470 flushing  nmethod 0x000002710a6e2910
Event: 494.098 Thread 0x000002711d40c470 flushing  nmethod 0x000002710a6f0590
Event: 494.098 Thread 0x000002711d40c470 flushing  nmethod 0x000002710a70b410
Event: 494.098 Thread 0x000002711d40c470 flushing  nmethod 0x000002710a711d10
Event: 494.098 Thread 0x000002711d40c470 flushing  nmethod 0x000002710a712c90
Event: 494.098 Thread 0x000002711d40c470 flushing  nmethod 0x000002710a713490
Event: 494.098 Thread 0x000002711d40c470 flushing  nmethod 0x000002710a713f10
Event: 494.098 Thread 0x000002711d40c470 flushing  nmethod 0x000002710a715410
Event: 494.098 Thread 0x000002711d40c470 flushing  nmethod 0x000002710a71c690
Event: 494.098 Thread 0x000002711d40c470 flushing  nmethod 0x000002710a71d710
Event: 494.098 Thread 0x000002711d40c470 flushing  nmethod 0x000002710a71e390
Event: 494.098 Thread 0x000002711d40c470 flushing  nmethod 0x000002710a72b490
Event: 494.098 Thread 0x000002711d40c470 flushing  nmethod 0x000002710a74f910
Event: 494.098 Thread 0x000002711d40c470 flushing  nmethod 0x000002710a798b10
Event: 494.099 Thread 0x000002711d40c470 flushing  nmethod 0x000002710a7efa10

Events (20 events):
Event: 78.665 Thread 0x000002711d509770 Thread added: 0x0000027138ecd860
Event: 79.344 Thread 0x000002711d408c30 Thread added: 0x000002713a981160
Event: 79.883 Thread 0x000002713a981160 Thread exited: 0x000002713a981160
Event: 115.617 Thread 0x000002711d408c30 Thread added: 0x0000027137d23710
Event: 115.843 Thread 0x0000027137d23710 Thread exited: 0x0000027137d23710
Event: 153.362 Thread 0x00000271371cdcd0 Thread added: 0x0000027138ecfbd0
Event: 153.406 Thread 0x0000027138ecfbd0 Thread added: 0x0000027138ecdd70
Event: 154.150 Thread 0x0000027138ecdd70 Thread exited: 0x0000027138ecdd70
Event: 176.165 Thread 0x000002711d50abb0 Thread exited: 0x000002711d50abb0
Event: 214.180 Thread 0x0000027138ecfbd0 Thread exited: 0x0000027138ecfbd0
Event: 309.479 Thread 0x000002711d508d50 Thread added: 0x0000027138ecf6c0
Event: 309.916 Thread 0x000002711d509770 Thread added: 0x0000027138ece280
Event: 358.336 Thread 0x000002711d509770 Thread added: 0x0000027138ece790
Event: 362.073 Thread 0x000002711d509770 Thread added: 0x0000027138ed00e0
Event: 362.325 Thread 0x000002711d509770 Thread added: 0x0000027138ecdd70
Event: 425.393 Thread 0x0000027138ecf6c0 Thread exited: 0x0000027138ecf6c0
Event: 470.645 Thread 0x000002711d508d50 Thread added: 0x0000027138ecf6c0
Event: 470.776 Thread 0x000002711d509770 Thread added: 0x0000027138ecce40
Event: 498.474 Thread 0x000002711d509770 Thread added: 0x0000027138ed0b00
Event: 498.877 Thread 0x000002711d509770 Thread added: 0x0000027138ecd350


Dynamic libraries:
0x00007ff7a2210000 - 0x00007ff7a221e000 	C:\Program Files\Microsoft\jdk-17.0.13.11-hotspot\bin\java.exe
0x00007ffd43f80000 - 0x00007ffd441e3000 	C:\WINDOWS\SYSTEM32\ntdll.dll
0x00007ffd42f00000 - 0x00007ffd42fc7000 	C:\WINDOWS\System32\KERNEL32.DLL
0x00007ffd41660000 - 0x00007ffd41a27000 	C:\WINDOWS\System32\KERNELBASE.dll
0x00007ffd41bb0000 - 0x00007ffd41cfc000 	C:\WINDOWS\System32\ucrtbase.dll
0x00007ffd23dd0000 - 0x00007ffd23de7000 	C:\Program Files\Microsoft\jdk-17.0.13.11-hotspot\bin\jli.dll
0x00007ffd42d10000 - 0x00007ffd42ed9000 	C:\WINDOWS\System32\USER32.dll
0x00007ffd41320000 - 0x00007ffd41347000 	C:\WINDOWS\System32\win32u.dll
0x00007ffd41e50000 - 0x00007ffd41e7a000 	C:\WINDOWS\System32\GDI32.dll
0x00007ffd41350000 - 0x00007ffd4147b000 	C:\WINDOWS\System32\gdi32full.dll
0x00007ffd41480000 - 0x00007ffd41523000 	C:\WINDOWS\System32\msvcp_win.dll
0x00007ffd29440000 - 0x00007ffd296d0000 	C:\WINDOWS\WinSxS\amd64_microsoft.windows.common-controls_6595b64144ccf1df_6.0.26100.3037_none_3e09262ce333c378\COMCTL32.dll
0x00007ffd43d30000 - 0x00007ffd43dd9000 	C:\WINDOWS\System32\msvcrt.dll
0x00007ffd17ed0000 - 0x00007ffd17eed000 	C:\Program Files\Microsoft\jdk-17.0.13.11-hotspot\bin\VCRUNTIME140.dll
0x00007ffd42590000 - 0x00007ffd425bf000 	C:\WINDOWS\System32\IMM32.DLL
0x00007ffd3c510000 - 0x00007ffd3c51c000 	C:\Program Files\Microsoft\jdk-17.0.13.11-hotspot\bin\vcruntime140_1.dll
0x00007ffd0de50000 - 0x00007ffd0dedd000 	C:\Program Files\Microsoft\jdk-17.0.13.11-hotspot\bin\msvcp140.dll
0x00007ffcabfa0000 - 0x00007ffcacc11000 	C:\Program Files\Microsoft\jdk-17.0.13.11-hotspot\bin\server\jvm.dll
0x00007ffd43230000 - 0x00007ffd432e4000 	C:\WINDOWS\System32\ADVAPI32.dll
0x00007ffd42970000 - 0x00007ffd42a16000 	C:\WINDOWS\System32\sechost.dll
0x00007ffd42740000 - 0x00007ffd42856000 	C:\WINDOWS\System32\RPCRT4.dll
0x00007ffd41dd0000 - 0x00007ffd41e44000 	C:\WINDOWS\System32\WS2_32.dll
0x00007ffd3ffe0000 - 0x00007ffd4002e000 	C:\WINDOWS\SYSTEM32\POWRPROF.dll
0x00007ffd30780000 - 0x00007ffd307b6000 	C:\WINDOWS\SYSTEM32\WINMM.dll
0x00007ffd39100000 - 0x00007ffd3910b000 	C:\WINDOWS\SYSTEM32\VERSION.dll
0x00007ffd3ffc0000 - 0x00007ffd3ffd4000 	C:\WINDOWS\SYSTEM32\UMPDC.dll
0x00007ffd40260000 - 0x00007ffd4027a000 	C:\WINDOWS\SYSTEM32\kernel.appcore.dll
0x00007ffd3b520000 - 0x00007ffd3b52a000 	C:\Program Files\Microsoft\jdk-17.0.13.11-hotspot\bin\jimage.dll
0x00007ffd3ec60000 - 0x00007ffd3eea1000 	C:\WINDOWS\SYSTEM32\DBGHELP.DLL
0x00007ffd432f0000 - 0x00007ffd4366e000 	C:\WINDOWS\System32\combase.dll
0x00007ffd42860000 - 0x00007ffd42936000 	C:\WINDOWS\System32\OLEAUT32.dll
0x00007ffd1e760000 - 0x00007ffd1e799000 	C:\WINDOWS\SYSTEM32\dbgcore.DLL
0x00007ffd41530000 - 0x00007ffd415c9000 	C:\WINDOWS\System32\bcryptPrimitives.dll
0x00007ffd3b1e0000 - 0x00007ffd3b1ee000 	C:\Program Files\Microsoft\jdk-17.0.13.11-hotspot\bin\instrument.dll
0x00007ffd163d0000 - 0x00007ffd163f5000 	C:\Program Files\Microsoft\jdk-17.0.13.11-hotspot\bin\java.dll
0x00007ffcf6880000 - 0x00007ffcf6957000 	C:\Program Files\Microsoft\jdk-17.0.13.11-hotspot\bin\jsvml.dll
0x00007ffd41e80000 - 0x00007ffd42584000 	C:\WINDOWS\System32\SHELL32.dll
0x00007ffd3f080000 - 0x00007ffd3f8b7000 	C:\WINDOWS\SYSTEM32\windows.storage.dll
0x00007ffd425d0000 - 0x00007ffd426b9000 	C:\WINDOWS\System32\SHCORE.dll
0x00007ffd42b00000 - 0x00007ffd42b5d000 	C:\WINDOWS\System32\shlwapi.dll
0x00007ffd41230000 - 0x00007ffd4125e000 	C:\WINDOWS\SYSTEM32\profapi.dll
0x00007ffd17eb0000 - 0x00007ffd17ec8000 	C:\Program Files\Microsoft\jdk-17.0.13.11-hotspot\bin\zip.dll
0x00007ffd14bf0000 - 0x00007ffd14c0a000 	C:\Program Files\Microsoft\jdk-17.0.13.11-hotspot\bin\net.dll
0x00007ffd3b9b0000 - 0x00007ffd3bace000 	C:\WINDOWS\SYSTEM32\WINHTTP.dll
0x00007ffd40770000 - 0x00007ffd407da000 	C:\WINDOWS\system32\mswsock.dll
0x00007ffd14bd0000 - 0x00007ffd14be6000 	C:\Program Files\Microsoft\jdk-17.0.13.11-hotspot\bin\nio.dll
0x00007ffd3b170000 - 0x00007ffd3b180000 	C:\Program Files\Microsoft\jdk-17.0.13.11-hotspot\bin\verify.dll
0x00007ffd38230000 - 0x00007ffd38257000 	C:\Users\DLCH\.gradle\native\1def1411415f61bf3af743bc5b6707747c0891f09f0c88961ee8f79bc544acac\windows-amd64\native-platform.dll
0x00007ffd0ddd0000 - 0x00007ffd0de48000 	C:\Users\DLCH\.gradle\native\0.2.6\x86_64-windows-gnu\gradle-fileevents.dll
0x00007ffd396b0000 - 0x00007ffd396ba000 	C:\Program Files\Microsoft\jdk-17.0.13.11-hotspot\bin\management.dll
0x00007ffd39670000 - 0x00007ffd3967b000 	C:\Program Files\Microsoft\jdk-17.0.13.11-hotspot\bin\management_ext.dll
0x00007ffd43780000 - 0x00007ffd43788000 	C:\WINDOWS\System32\PSAPI.DLL
0x00007ffd3fc70000 - 0x00007ffd3fca2000 	C:\WINDOWS\SYSTEM32\IPHLPAPI.DLL
0x00007ffd43840000 - 0x00007ffd4384a000 	C:\WINDOWS\System32\NSI.dll
0x00007ffd3b7a0000 - 0x00007ffd3b7bf000 	C:\WINDOWS\SYSTEM32\dhcpcsvc6.DLL
0x00007ffd3b770000 - 0x00007ffd3b795000 	C:\WINDOWS\SYSTEM32\dhcpcsvc.DLL
0x00007ffd3fd10000 - 0x00007ffd3fe35000 	C:\WINDOWS\SYSTEM32\DNSAPI.dll
0x00007ffd395c0000 - 0x00007ffd395c9000 	C:\Program Files\Microsoft\jdk-17.0.13.11-hotspot\bin\extnet.dll
0x00007ffd40a10000 - 0x00007ffd40a2c000 	C:\WINDOWS\SYSTEM32\CRYPTSP.dll
0x00007ffd401c0000 - 0x00007ffd401f8000 	C:\WINDOWS\system32\rsaenh.dll
0x00007ffd40810000 - 0x00007ffd4083b000 	C:\WINDOWS\SYSTEM32\USERENV.dll
0x00007ffd40c50000 - 0x00007ffd40c76000 	C:\WINDOWS\SYSTEM32\bcrypt.dll
0x00007ffd40a30000 - 0x00007ffd40a3c000 	C:\WINDOWS\SYSTEM32\CRYPTBASE.dll
0x00007ffd383a0000 - 0x00007ffd383ae000 	C:\Program Files\Microsoft\jdk-17.0.13.11-hotspot\bin\sunmscapi.dll
0x00007ffd41a30000 - 0x00007ffd41ba6000 	C:\WINDOWS\System32\CRYPT32.dll
0x00007ffd40c10000 - 0x00007ffd40c40000 	C:\WINDOWS\SYSTEM32\ncrypt.dll
0x00007ffd40bc0000 - 0x00007ffd40bff000 	C:\WINDOWS\SYSTEM32\NTASN1.dll
0x00007ffd03970000 - 0x00007ffd03978000 	C:\WINDOWS\system32\wshunix.dll

dbghelp: loaded successfully - version: 4.0.5 - missing functions: none
symbol engine: initialized successfully - sym options: 0x614 - pdb path: .;C:\Program Files\Microsoft\jdk-17.0.13.11-hotspot\bin;C:\WINDOWS\SYSTEM32;C:\WINDOWS\WinSxS\amd64_microsoft.windows.common-controls_6595b64144ccf1df_6.0.26100.3037_none_3e09262ce333c378;C:\Program Files\Microsoft\jdk-17.0.13.11-hotspot\bin\server;C:\Users\DLCH\.gradle\native\1def1411415f61bf3af743bc5b6707747c0891f09f0c88961ee8f79bc544acac\windows-amd64;C:\Users\DLCH\.gradle\native\0.2.6\x86_64-windows-gnu

VM Arguments:
jvm_args: --add-opens=java.base/java.lang=ALL-UNNAMED --add-opens=java.base/java.lang.invoke=ALL-UNNAMED --add-opens=java.base/java.util=ALL-UNNAMED --add-opens=java.prefs/java.util.prefs=ALL-UNNAMED --add-exports=jdk.compiler/com.sun.tools.javac.api=ALL-UNNAMED --add-exports=jdk.compiler/com.sun.tools.javac.util=ALL-UNNAMED --add-opens=java.base/java.util=ALL-UNNAMED --add-opens=java.prefs/java.util.prefs=ALL-UNNAMED --add-opens=java.base/java.nio.charset=ALL-UNNAMED --add-opens=java.base/java.net=ALL-UNNAMED --add-opens=java.base/java.util.concurrent.atomic=ALL-UNNAMED --add-opens=java.xml/javax.xml.namespace=ALL-UNNAMED -XX:MaxMetaspaceSize=384m -XX:+HeapDumpOnOutOfMemoryError -Xms256m -Xmx512m -Dfile.encoding=UTF-8 -Duser.country=US -Duser.language=en -Duser.variant -javaagent:C:\Users\DLCH\.gradle\wrapper\dists\gradle-8.12.1-bin\eumc4uhoysa37zql93vfjkxy0\gradle-8.12.1\lib\agents\gradle-instrumentation-agent-8.12.1.jar 
java_command: org.gradle.launcher.daemon.bootstrap.GradleDaemon 8.12.1
java_class_path (initial): C:\Users\DLCH\.gradle\wrapper\dists\gradle-8.12.1-bin\eumc4uhoysa37zql93vfjkxy0\gradle-8.12.1\lib\gradle-daemon-main-8.12.1.jar
Launcher Type: SUN_STANDARD

[Global flags]
     intx CICompilerCount                          = 4                                         {product} {ergonomic}
   size_t CompressedClassSpaceSize                 = 335544320                                 {product} {ergonomic}
     uint ConcGCThreads                            = 3                                         {product} {ergonomic}
     uint G1ConcRefinementThreads                  = 10                                        {product} {ergonomic}
   size_t G1HeapRegionSize                         = 1048576                                   {product} {ergonomic}
    uintx GCDrainStackTargetSize                   = 64                                        {product} {ergonomic}
     bool HeapDumpOnOutOfMemoryError               = true                                   {manageable} {command line}
   size_t InitialHeapSize                          = 268435456                                 {product} {command line}
   size_t MarkStackSize                            = 4194304                                   {product} {ergonomic}
   size_t MaxHeapSize                              = 536870912                                 {product} {command line}
   size_t MaxMetaspaceSize                         = 402653184                                 {product} {command line}
   size_t MaxNewSize                               = 321912832                                 {product} {ergonomic}
   size_t MinHeapDeltaBytes                        = 1048576                                   {product} {ergonomic}
   size_t MinHeapSize                              = 268435456                                 {product} {command line}
    uintx NonNMethodCodeHeapSize                   = 5839372                                {pd product} {ergonomic}
    uintx NonProfiledCodeHeapSize                  = 122909434                              {pd product} {ergonomic}
    uintx ProfiledCodeHeapSize                     = 122909434                              {pd product} {ergonomic}
    uintx ReservedCodeCacheSize                    = 251658240                              {pd product} {ergonomic}
     bool SegmentedCodeCache                       = true                                      {product} {ergonomic}
   size_t SoftMaxHeapSize                          = 536870912                              {manageable} {ergonomic}
     bool UseCompressedClassPointers               = true                           {product lp64_product} {ergonomic}
     bool UseCompressedOops                        = true                           {product lp64_product} {ergonomic}
     bool UseG1GC                                  = true                                      {product} {ergonomic}
     bool UseLargePagesIndividualAllocation        = false                                  {pd product} {ergonomic}

Logging:
Log output configuration:
 #0: stdout all=warning uptime,level,tags
 #1: stderr all=off uptime,level,tags

Environment Variables:
JAVA_HOME=C:\Program Files\Microsoft\jdk-17.0.13.11-hotspot\
PATH=C:\Program Files\Microsoft\jdk-17.0.13.11-hotspot\bin;C:\Program Files\Microsoft\jdk-17.0.13.11-hotspot\\bin;C:\Program Files\Common Files\Oracle\Java\javapath;C:\WINDOWS\system32;C:\WINDOWS;C:\WINDOWS\System32\Wbem;C:\WINDOWS\System32\WindowsPowerShell\v1.0\;C:\WINDOWS\System32\OpenSSH\;C:\Program Files\Git\cmd;C:\ProgramData\chocolatey\bin;C:\Program Files\nodejs\;C:\Program Files\Amazon\AWSCLIV2\;C:\Users\DLCH\AppData\Local\Android\Sdk\platform-tools;C:\Users\DLCH\AppData\Local\Android\Sdk\tools;C:\Users\DLCH\AppData\Local\Android\Sdk\cmdline-tools\latest\bin;C:\Users\DLCH\AppData\Local\Programs\Python\Python310\Scripts;C:\Users\DLCH\AppData\Local\Programs\Python\Python310;C:\Users\DLCH\AppData\Local\Programs\Python\Launcher\;C:\Users\DLCH\AppData\Local\Microsoft\WindowsApps;C:\Users\DLCH\AppData\Local\Programs\Microsoft VS Code\bin;C:\Winutils\bin;C:\SPARK\spark-3.4.4-bin-hadoop3\bin;C:\Users\DLCH\AppData\Roaming\npm;C:\Program Files\nodejs\;
USERNAME=DLCH
OS=Windows_NT
PROCESSOR_IDENTIFIER=AMD64 Family 23 Model 96 Stepping 1, AuthenticAMD
TMP=C:\Users\DLCH\AppData\Local\Temp
TEMP=C:\Users\DLCH\AppData\Local\Temp



Periodic native trim disabled


---------------  S Y S T E M  ---------------

OS:
 Windows 11 , 64 bit Build 26100 (10.0.26100.3037)
OS uptime: 0 days 2:18 hours

CPU: total 12 (initial active 12) (12 cores per cpu, 2 threads per core) family 23 model 96 stepping 1 microcode 0x8600106, cx8, cmov, fxsr, ht, mmx, 3dnowpref, sse, sse2, sse3, ssse3, sse4a, sse4.1, sse4.2, popcnt, lzcnt, tsc, tscinvbit, avx, avx2, aes, clmul, bmi1, bmi2, adx, sha, fma, vzeroupper, clflush, clflushopt
Processor Information for the first 12 processors :
  Max Mhz: 3000, Current Mhz: 3000, Mhz Limit: 3000

Memory: 4k page, system-wide physical 15741M (46M free)
TotalPageFile size 64893M (AvailPageFile size 37M)
current process WorkingSet (physical memory assigned to process): 84M, peak: 239M
current process commit charge ("private bytes"): 445M, peak: 448M

vm_info: OpenJDK 64-Bit Server VM (17.0.13+11-LTS) for windows-amd64 JRE (17.0.13+11-LTS), built on Oct 11 2024 23:25:05 by "MicrosoftCorporation" with unknown MS VC++:1939

END.
